[2024/12/16 15:47:13.041] - Starting server with initial configuration: {"gasLimit":6721975,"gasPrice":20000000000,"hardfork":"merge","hostname":"127.0.0.1","port":7545,"network_id":5777,"default_balance_ether":100,"total_accounts":10,"unlocked_accounts":[],"locked":false,"vmErrorsOnRPCResponse":true,"verbose":false,"flavor":"ethereum","db_path":"C:\\Users\\TANISHKA\\AppData\\Roaming\\Ganache\\ui\\workspaces\\vulgar-island\\chaindata","mnemonic":"clip sense agree labor nasty ball message equal card harbor omit rail","logDirectory":"C:\\Users\\TANISHKA\\Desktop\\chennai\\logs"}
[2024/12/16 15:47:13.134] - eth_subscribe
[2024/12/16 15:47:13.135] - eth_getLogs
[2024/12/16 15:47:13.135] - eth_subscribe
[2024/12/16 15:47:13.136] - eth_subscribe
[2024/12/16 15:47:13.136] - eth_getLogs
[2024/12/16 15:47:13.137] - eth_subscribe
[2024/12/16 15:47:13.156] - eth_blockNumber
[2024/12/16 15:47:13.162] - eth_accounts
[2024/12/16 15:47:13.163] - eth_blockNumber
[2024/12/16 15:47:13.164] - eth_accounts
[2024/12/16 15:47:13.164] - eth_gasPrice
[2024/12/16 15:47:13.165] - eth_getBlockByNumber
[2024/12/16 15:47:13.165] - eth_subscribe
[2024/12/16 15:47:13.166] - eth_accounts
[2024/12/16 15:47:13.167] - eth_gasPrice
[2024/12/16 15:47:13.167] - eth_getBlockByNumber
[2024/12/16 15:47:13.167] - eth_subscribe
[2024/12/16 15:47:13.173] - eth_getBalance
[2024/12/16 15:47:13.175] - eth_getTransactionCount
[2024/12/16 15:47:13.177] - eth_getBalance
[2024/12/16 15:47:13.178] - eth_getTransactionCount
[2024/12/16 15:47:13.179] - eth_getBalance
[2024/12/16 15:47:13.180] - eth_getTransactionCount
[2024/12/16 15:47:13.182] - eth_getBalance
[2024/12/16 15:47:13.184] - eth_getTransactionCount
[2024/12/16 15:47:13.185] - eth_getBalance
[2024/12/16 15:47:13.186] - eth_getTransactionCount
[2024/12/16 15:47:13.187] - eth_getBalance
[2024/12/16 15:47:13.188] - eth_getTransactionCount
[2024/12/16 15:47:13.189] - eth_getBalance
[2024/12/16 15:47:13.191] - eth_getTransactionCount
[2024/12/16 15:47:13.192] - eth_getBalance
[2024/12/16 15:47:13.193] - eth_getTransactionCount
[2024/12/16 15:47:13.195] - eth_getBalance
[2024/12/16 15:47:13.196] - eth_getTransactionCount
[2024/12/16 15:47:13.197] - eth_getBalance
[2024/12/16 15:47:13.198] - eth_getTransactionCount
[2024/12/16 15:47:13.216] - eth_getBalance
[2024/12/16 15:47:13.217] - eth_getTransactionCount
[2024/12/16 15:47:13.218] - eth_getBalance
[2024/12/16 15:47:13.219] - eth_getTransactionCount
[2024/12/16 15:47:13.220] - eth_getBalance
[2024/12/16 15:47:13.221] - eth_getTransactionCount
[2024/12/16 15:47:13.221] - eth_getBalance
[2024/12/16 15:47:13.222] - eth_getTransactionCount
[2024/12/16 15:47:13.223] - eth_getBalance
[2024/12/16 15:47:13.224] - eth_getTransactionCount
[2024/12/16 15:47:13.225] - eth_getBalance
[2024/12/16 15:47:13.227] - eth_getTransactionCount
[2024/12/16 15:47:13.228] - eth_getBalance
[2024/12/16 15:47:13.229] - eth_getTransactionCount
[2024/12/16 15:47:13.231] - eth_getBalance
[2024/12/16 15:47:13.233] - eth_getTransactionCount
[2024/12/16 15:47:13.234] - eth_getBalance
[2024/12/16 15:47:13.235] - eth_getTransactionCount
[2024/12/16 15:47:13.236] - eth_getBalance
[2024/12/16 15:47:13.237] - eth_getTransactionCount
[2024/12/16 15:47:13.239] - eth_getBalance
[2024/12/16 15:47:13.240] - eth_getTransactionCount
[2024/12/16 15:47:13.241] - eth_getBalance
[2024/12/16 15:47:13.241] - eth_getTransactionCount
[2024/12/16 15:47:13.242] - eth_getBalance
[2024/12/16 15:47:13.243] - eth_getTransactionCount
[2024/12/16 15:47:13.244] - eth_getBalance
[2024/12/16 15:47:13.246] - eth_getTransactionCount
[2024/12/16 15:47:13.246] - eth_getBalance
[2024/12/16 15:47:13.247] - eth_getTransactionCount
[2024/12/16 15:47:13.248] - eth_getBalance
[2024/12/16 15:47:13.249] - eth_getTransactionCount
[2024/12/16 15:47:13.250] - eth_getBalance
[2024/12/16 15:47:13.251] - eth_getTransactionCount
[2024/12/16 15:47:13.252] - eth_getBalance
[2024/12/16 15:47:13.252] - eth_getTransactionCount
[2024/12/16 15:47:13.253] - eth_getBalance
[2024/12/16 15:47:13.254] - eth_getTransactionCount
[2024/12/16 15:47:13.255] - eth_getBalance
[2024/12/16 15:47:13.256] - eth_getTransactionCount
[2024/12/16 15:47:13.260] - eth_getBalance
[2024/12/16 15:47:13.261] - eth_getTransactionCount
[2024/12/16 15:47:13.262] - eth_getBalance
[2024/12/16 15:47:13.263] - eth_getTransactionCount
[2024/12/16 15:47:13.264] - eth_getBalance
[2024/12/16 15:47:13.265] - eth_getTransactionCount
[2024/12/16 15:47:13.267] - eth_getBalance
[2024/12/16 15:47:13.268] - eth_getTransactionCount
[2024/12/16 15:47:13.269] - eth_getBalance
[2024/12/16 15:47:13.270] - eth_getTransactionCount
[2024/12/16 15:47:13.271] - eth_getBalance
[2024/12/16 15:47:13.272] - eth_getTransactionCount
[2024/12/16 15:47:13.273] - eth_getBalance
[2024/12/16 15:47:13.274] - eth_getTransactionCount
[2024/12/16 15:47:13.275] - eth_getBalance
[2024/12/16 15:47:13.276] - eth_getTransactionCount
[2024/12/16 15:47:13.276] - eth_getBalance
[2024/12/16 15:47:13.277] - eth_getTransactionCount
[2024/12/16 15:47:13.278] - eth_getBalance
[2024/12/16 15:47:13.279] - eth_getTransactionCount
[2024/12/16 15:49:22.114] - eth_unsubscribe
[2024/12/16 15:49:22.114] - eth_unsubscribe
