[2024/12/16 17:51:16.249] - Starting server with initial configuration: {"gasLimit":6721975,"gasPrice":20000000000,"hardfork":"merge","hostname":"127.0.0.1","port":7545,"network_id":5777,"default_balance_ether":100,"total_accounts":10,"unlocked_accounts":[],"locked":false,"vmErrorsOnRPCResponse":true,"verbose":false,"flavor":"ethereum","db_path":"C:\\Users\\TANISHKA\\AppData\\Roaming\\Ganache\\ui\\workspaces\\audio_chennai\\chaindata","mnemonic":"clip sense agree labor nasty ball message equal card harbor omit rail","logDirectory":"C:\\Users\\TANISHKA\\Desktop\\chennai\\logs"}
[2024/12/16 17:51:16.329] - eth_subscribe
[2024/12/16 17:51:16.329] - eth_getLogs
[2024/12/16 17:51:16.330] - eth_subscribe
[2024/12/16 17:51:16.339] - eth_subscribe
[2024/12/16 17:51:16.340] - eth_getLogs
[2024/12/16 17:51:16.340] - eth_subscribe
[2024/12/16 17:51:16.357] - eth_getBlockByNumber
[2024/12/16 17:51:16.363] - eth_subscribe
[2024/12/16 17:51:16.367] - eth_blockNumber
[2024/12/16 17:51:16.368] - eth_accounts
[2024/12/16 17:51:16.368] - eth_gasPrice
[2024/12/16 17:51:16.369] - eth_getBlockByNumber
[2024/12/16 17:51:16.369] - eth_subscribe
[2024/12/16 17:51:16.370] - eth_blockNumber
[2024/12/16 17:51:16.371] - eth_accounts
[2024/12/16 17:51:16.371] - eth_gasPrice
[2024/12/16 17:51:16.375] - eth_accounts
[2024/12/16 17:51:16.398] - eth_getBalance
[2024/12/16 17:51:16.400] - eth_getTransactionCount
[2024/12/16 17:51:16.404] - eth_getBalance
[2024/12/16 17:51:16.406] - eth_getTransactionCount
[2024/12/16 17:51:16.408] - eth_getBalance
[2024/12/16 17:51:16.409] - eth_getTransactionCount
[2024/12/16 17:51:16.411] - eth_getBalance
[2024/12/16 17:51:16.413] - eth_getTransactionCount
[2024/12/16 17:51:16.414] - eth_getBalance
[2024/12/16 17:51:16.417] - eth_getTransactionCount
[2024/12/16 17:51:16.419] - eth_getBalance
[2024/12/16 17:51:16.421] - eth_getTransactionCount
[2024/12/16 17:51:16.423] - eth_getBalance
[2024/12/16 17:51:16.425] - eth_getTransactionCount
[2024/12/16 17:51:16.426] - eth_getBalance
[2024/12/16 17:51:16.429] - eth_getTransactionCount
[2024/12/16 17:51:16.430] - eth_getBalance
[2024/12/16 17:51:16.431] - eth_getTransactionCount
[2024/12/16 17:51:16.433] - eth_getBalance
[2024/12/16 17:51:16.435] - eth_getTransactionCount
[2024/12/16 17:51:16.442] - eth_getBalance
[2024/12/16 17:51:16.444] - eth_getTransactionCount
[2024/12/16 17:51:16.447] - eth_getBalance
[2024/12/16 17:51:16.449] - eth_getTransactionCount
[2024/12/16 17:51:16.451] - eth_getBalance
[2024/12/16 17:51:16.454] - eth_getTransactionCount
[2024/12/16 17:51:16.456] - eth_getBalance
[2024/12/16 17:51:16.458] - eth_getTransactionCount
[2024/12/16 17:51:16.460] - eth_getBalance
[2024/12/16 17:51:16.461] - eth_getTransactionCount
[2024/12/16 17:51:16.463] - eth_getBalance
[2024/12/16 17:51:16.465] - eth_getTransactionCount
[2024/12/16 17:51:16.467] - eth_getBalance
[2024/12/16 17:51:16.469] - eth_getTransactionCount
[2024/12/16 17:51:16.472] - eth_getBalance
[2024/12/16 17:51:16.473] - eth_getTransactionCount
[2024/12/16 17:51:16.475] - eth_getBalance
[2024/12/16 17:51:16.477] - eth_getTransactionCount
[2024/12/16 17:51:16.478] - eth_getBalance
[2024/12/16 17:51:16.480] - eth_getTransactionCount
[2024/12/16 17:51:16.482] - eth_getBalance
[2024/12/16 17:51:16.484] - eth_getTransactionCount
[2024/12/16 17:51:16.487] - eth_getBalance
[2024/12/16 17:51:16.489] - eth_getTransactionCount
[2024/12/16 17:51:16.491] - eth_getBalance
[2024/12/16 17:51:16.493] - eth_getTransactionCount
[2024/12/16 17:51:16.494] - eth_getBalance
[2024/12/16 17:51:16.497] - eth_getTransactionCount
[2024/12/16 17:51:16.499] - eth_getBalance
[2024/12/16 17:51:16.500] - eth_getTransactionCount
[2024/12/16 17:51:16.502] - eth_getBalance
[2024/12/16 17:51:16.504] - eth_getTransactionCount
[2024/12/16 17:51:16.506] - eth_getBalance
[2024/12/16 17:51:16.508] - eth_getTransactionCount
[2024/12/16 17:51:16.510] - eth_getBalance
[2024/12/16 17:51:16.512] - eth_getTransactionCount
[2024/12/16 17:51:16.513] - eth_getBalance
[2024/12/16 17:51:16.517] - eth_getTransactionCount
[2024/12/16 17:51:16.519] - eth_getBalance
[2024/12/16 17:51:16.522] - eth_getTransactionCount
[2024/12/16 17:51:16.548] - eth_getTransactionCount
[2024/12/16 17:51:16.550] - eth_getBalance
[2024/12/16 17:51:16.551] - eth_getTransactionCount
[2024/12/16 17:51:16.554] - eth_getBalance
[2024/12/16 17:51:16.556] - eth_getTransactionCount
[2024/12/16 17:51:16.558] - eth_getBalance
[2024/12/16 17:51:16.559] - eth_getTransactionCount
[2024/12/16 17:51:16.561] - eth_getBalance
[2024/12/16 17:51:16.562] - eth_getTransactionCount
[2024/12/16 17:51:16.564] - eth_getBalance
[2024/12/16 17:51:16.566] - eth_getTransactionCount
[2024/12/16 17:51:16.568] - eth_getBalance
[2024/12/16 17:51:16.570] - eth_getTransactionCount
[2024/12/16 17:51:16.572] - eth_getBalance
[2024/12/16 17:51:16.574] - eth_getTransactionCount
[2024/12/16 17:51:16.576] - eth_getBalance
[2024/12/16 17:51:16.578] - eth_getTransactionCount
[2024/12/16 17:51:16.581] - eth_getBalance
[2024/12/16 17:51:16.583] - eth_getTransactionCount
[2024/12/16 17:51:32.221] - eth_unsubscribe
[2024/12/16 17:51:32.222] - eth_unsubscribe
