[2024/12/16 15:51:05.078] - Starting server with initial configuration: {"gasLimit":6721975,"gasPrice":20000000000,"hardfork":"merge","hostname":"127.0.0.1","port":7545,"network_id":5567,"default_balance_ether":100,"total_accounts":10,"unlocked_accounts":[],"locked":false,"vmErrorsOnRPCResponse":true,"verbose":false,"flavor":"ethereum","db_path":"C:\\Users\\TANISHKA\\AppData\\Roaming\\Ganache\\ui\\workspaces\\vulgar-island\\chaindata","mnemonic":"clip sense agree labor nasty ball message equal card harbor omit rail","logDirectory":"C:\\Users\\TANISHKA\\Desktop\\chennai\\logs"}
[2024/12/16 15:51:05.168] - eth_subscribe
[2024/12/16 15:51:05.169] - eth_getLogs
[2024/12/16 15:51:05.169] - eth_subscribe
[2024/12/16 15:51:05.170] - eth_subscribe
[2024/12/16 15:51:05.170] - eth_getLogs
[2024/12/16 15:51:05.170] - eth_subscribe
[2024/12/16 15:51:05.172] - eth_blockNumber
[2024/12/16 15:51:05.172] - eth_accounts
[2024/12/16 15:51:05.173] - eth_gasPrice
[2024/12/16 15:51:05.173] - eth_getBlockByNumber
[2024/12/16 15:51:05.174] - eth_subscribe
[2024/12/16 15:51:05.174] - eth_blockNumber
[2024/12/16 15:51:05.175] - eth_accounts
[2024/12/16 15:51:05.175] - eth_gasPrice
[2024/12/16 15:51:05.175] - eth_getBlockByNumber
[2024/12/16 15:51:05.176] - eth_accounts
[2024/12/16 15:51:05.176] - eth_subscribe
[2024/12/16 15:51:05.182] - eth_getBalance
[2024/12/16 15:51:05.183] - eth_getTransactionCount
[2024/12/16 15:51:05.184] - eth_getBalance
[2024/12/16 15:51:05.185] - eth_getTransactionCount
[2024/12/16 15:51:05.186] - eth_getBalance
[2024/12/16 15:51:05.187] - eth_getTransactionCount
[2024/12/16 15:51:05.189] - eth_getBalance
[2024/12/16 15:51:05.190] - eth_getTransactionCount
[2024/12/16 15:51:05.191] - eth_getBalance
[2024/12/16 15:51:05.192] - eth_getTransactionCount
[2024/12/16 15:51:05.193] - eth_getBalance
[2024/12/16 15:51:05.195] - eth_getTransactionCount
[2024/12/16 15:51:05.196] - eth_getBalance
[2024/12/16 15:51:05.197] - eth_getTransactionCount
[2024/12/16 15:51:05.198] - eth_getBalance
[2024/12/16 15:51:05.199] - eth_getTransactionCount
[2024/12/16 15:51:05.200] - eth_getBalance
[2024/12/16 15:51:05.201] - eth_getTransactionCount
[2024/12/16 15:51:05.202] - eth_getBalance
[2024/12/16 15:51:05.203] - eth_getTransactionCount
[2024/12/16 15:51:05.212] - eth_getBalance
[2024/12/16 15:51:05.213] - eth_getTransactionCount
[2024/12/16 15:51:05.214] - eth_getBalance
[2024/12/16 15:51:05.215] - eth_getTransactionCount
[2024/12/16 15:51:05.217] - eth_getBalance
[2024/12/16 15:51:05.217] - eth_getTransactionCount
[2024/12/16 15:51:05.218] - eth_getBalance
[2024/12/16 15:51:05.219] - eth_getTransactionCount
[2024/12/16 15:51:05.221] - eth_getBalance
[2024/12/16 15:51:05.222] - eth_getTransactionCount
[2024/12/16 15:51:05.223] - eth_getBalance
[2024/12/16 15:51:05.224] - eth_getTransactionCount
[2024/12/16 15:51:05.225] - eth_getBalance
[2024/12/16 15:51:05.226] - eth_getTransactionCount
[2024/12/16 15:51:05.227] - eth_getBalance
[2024/12/16 15:51:05.228] - eth_getTransactionCount
[2024/12/16 15:51:05.229] - eth_getBalance
[2024/12/16 15:51:05.229] - eth_getTransactionCount
[2024/12/16 15:51:05.230] - eth_getBalance
[2024/12/16 15:51:05.231] - eth_getTransactionCount
[2024/12/16 15:51:05.232] - eth_getBalance
[2024/12/16 15:51:05.233] - eth_getTransactionCount
[2024/12/16 15:51:05.234] - eth_getBalance
[2024/12/16 15:51:05.235] - eth_getTransactionCount
[2024/12/16 15:51:05.235] - eth_getBalance
[2024/12/16 15:51:05.236] - eth_getTransactionCount
[2024/12/16 15:51:05.240] - eth_getBalance
[2024/12/16 15:51:05.241] - eth_getTransactionCount
[2024/12/16 15:51:05.242] - eth_getBalance
[2024/12/16 15:51:05.243] - eth_getTransactionCount
[2024/12/16 15:51:05.244] - eth_getBalance
[2024/12/16 15:51:05.245] - eth_getTransactionCount
[2024/12/16 15:51:05.246] - eth_getBalance
[2024/12/16 15:51:05.247] - eth_getTransactionCount
[2024/12/16 15:51:05.248] - eth_getBalance
[2024/12/16 15:51:05.250] - eth_getTransactionCount
[2024/12/16 15:51:05.251] - eth_getBalance
[2024/12/16 15:51:05.251] - eth_getTransactionCount
[2024/12/16 15:51:05.252] - eth_getBalance
[2024/12/16 15:51:05.255] - eth_getTransactionCount
[2024/12/16 15:51:05.275] - eth_getBalance
[2024/12/16 15:51:05.276] - eth_getTransactionCount
[2024/12/16 15:51:05.277] - eth_getBalance
[2024/12/16 15:51:05.278] - eth_getTransactionCount
[2024/12/16 15:51:05.279] - eth_getBalance
[2024/12/16 15:51:05.280] - eth_getTransactionCount
[2024/12/16 15:51:05.281] - eth_getBalance
[2024/12/16 15:51:05.282] - eth_getTransactionCount
[2024/12/16 15:51:05.283] - eth_getBalance
[2024/12/16 15:51:05.284] - eth_getTransactionCount
[2024/12/16 15:51:05.285] - eth_getBalance
[2024/12/16 15:51:05.286] - eth_getTransactionCount
[2024/12/16 15:51:05.287] - eth_getBalance
[2024/12/16 15:51:05.288] - eth_getTransactionCount
[2024/12/16 15:51:05.289] - eth_getBalance
[2024/12/16 15:51:05.290] - eth_getTransactionCount
[2024/12/16 15:51:05.291] - eth_getBalance
[2024/12/16 15:51:05.292] - eth_getTransactionCount
[2024/12/16 15:51:05.293] - eth_getBalance
[2024/12/16 15:51:05.294] - eth_getTransactionCount
[2024/12/16 15:51:33.057] - eth_unsubscribe
[2024/12/16 15:51:33.058] - eth_unsubscribe
