[2024/12/16 17:51:32.301] - Starting server with initial configuration: {"gasLimit":6721975,"gasPrice":20000000000,"hardfork":"merge","hostname":"127.0.0.1","port":7545,"network_id":1400,"default_balance_ether":100,"total_accounts":10,"unlocked_accounts":[],"locked":false,"vmErrorsOnRPCResponse":true,"verbose":false,"flavor":"ethereum","db_path":"C:\\Users\\TANISHKA\\AppData\\Roaming\\Ganache\\ui\\workspaces\\audio_chennai\\chaindata","mnemonic":"clip sense agree labor nasty ball message equal card harbor omit rail","logDirectory":"C:\\Users\\TANISHKA\\Desktop\\chennai\\logs"}
[2024/12/16 17:51:32.369] - eth_subscribe
[2024/12/16 17:51:32.370] - eth_getLogs
[2024/12/16 17:51:32.371] - eth_subscribe
[2024/12/16 17:51:32.388] - eth_subscribe
[2024/12/16 17:51:32.389] - eth_getLogs
[2024/12/16 17:51:32.389] - eth_subscribe
[2024/12/16 17:51:32.407] - eth_blockNumber
[2024/12/16 17:51:32.407] - eth_accounts
[2024/12/16 17:51:32.407] - eth_gasPrice
[2024/12/16 17:51:32.413] - eth_accounts
[2024/12/16 17:51:32.424] - eth_getBalance
[2024/12/16 17:51:32.427] - eth_getTransactionCount
[2024/12/16 17:51:32.429] - eth_getBalance
[2024/12/16 17:51:32.431] - eth_getTransactionCount
[2024/12/16 17:51:32.433] - eth_getBalance
[2024/12/16 17:51:32.435] - eth_getTransactionCount
[2024/12/16 17:51:32.438] - eth_getBalance
[2024/12/16 17:51:32.439] - eth_getTransactionCount
[2024/12/16 17:51:32.442] - eth_getBalance
[2024/12/16 17:51:32.444] - eth_getTransactionCount
[2024/12/16 17:51:32.446] - eth_getBalance
[2024/12/16 17:51:32.448] - eth_getTransactionCount
[2024/12/16 17:51:32.450] - eth_getBalance
[2024/12/16 17:51:32.452] - eth_getTransactionCount
[2024/12/16 17:51:32.453] - eth_getBalance
[2024/12/16 17:51:32.455] - eth_getTransactionCount
[2024/12/16 17:51:32.457] - eth_getBalance
[2024/12/16 17:51:32.459] - eth_getTransactionCount
[2024/12/16 17:51:32.461] - eth_getBalance
[2024/12/16 17:51:32.462] - eth_getTransactionCount
[2024/12/16 17:51:32.464] - eth_getBlockByNumber
[2024/12/16 17:51:32.465] - eth_subscribe
[2024/12/16 17:51:32.481] - eth_getTransactionCount
[2024/12/16 17:51:32.482] - eth_getBalance
[2024/12/16 17:51:32.485] - eth_getTransactionCount
[2024/12/16 17:51:32.486] - eth_getBalance
[2024/12/16 17:51:32.488] - eth_getTransactionCount
[2024/12/16 17:51:32.490] - eth_getBalance
[2024/12/16 17:51:32.492] - eth_getTransactionCount
[2024/12/16 17:51:32.493] - eth_getBalance
[2024/12/16 17:51:32.495] - eth_getTransactionCount
[2024/12/16 17:51:32.497] - eth_getBalance
[2024/12/16 17:51:32.499] - eth_getTransactionCount
[2024/12/16 17:51:32.500] - eth_getBalance
[2024/12/16 17:51:32.502] - eth_getTransactionCount
[2024/12/16 17:51:32.505] - eth_getBalance
[2024/12/16 17:51:32.506] - eth_getTransactionCount
[2024/12/16 17:51:32.508] - eth_getBalance
[2024/12/16 17:51:32.509] - eth_getTransactionCount
[2024/12/16 17:51:32.511] - eth_getBalance
[2024/12/16 17:51:32.512] - eth_getTransactionCount
[2024/12/16 17:51:32.515] - eth_blockNumber
[2024/12/16 17:51:32.516] - eth_accounts
[2024/12/16 17:51:32.516] - eth_gasPrice
[2024/12/16 17:51:32.517] - eth_getBlockByNumber
[2024/12/16 17:51:32.517] - eth_subscribe
[2024/12/16 17:51:32.710] - eth_getBalance
[2024/12/16 17:51:32.712] - eth_getTransactionCount
[2024/12/16 17:51:32.715] - eth_getBalance
[2024/12/16 17:51:32.717] - eth_getTransactionCount
[2024/12/16 17:51:32.719] - eth_getBalance
[2024/12/16 17:51:32.723] - eth_getTransactionCount
[2024/12/16 17:51:32.725] - eth_getBalance
[2024/12/16 17:51:32.727] - eth_getTransactionCount
[2024/12/16 17:51:32.728] - eth_getBalance
[2024/12/16 17:51:32.730] - eth_getTransactionCount
[2024/12/16 17:51:32.732] - eth_getBalance
[2024/12/16 17:51:32.734] - eth_getTransactionCount
[2024/12/16 17:51:32.736] - eth_getBalance
[2024/12/16 17:51:32.738] - eth_getTransactionCount
[2024/12/16 17:51:32.739] - eth_getBalance
[2024/12/16 17:51:32.741] - eth_getTransactionCount
[2024/12/16 17:51:32.743] - eth_getBalance
[2024/12/16 17:51:32.746] - eth_getTransactionCount
[2024/12/16 17:51:32.748] - eth_getBalance
[2024/12/16 17:51:32.750] - eth_getTransactionCount
[2024/12/16 17:51:32.752] - eth_getBalance
[2024/12/16 17:51:32.755] - eth_getTransactionCount
[2024/12/16 17:51:32.757] - eth_getBalance
[2024/12/16 17:51:32.759] - eth_getTransactionCount
[2024/12/16 17:51:32.760] - eth_getBalance
[2024/12/16 17:51:32.762] - eth_getTransactionCount
[2024/12/16 17:51:32.764] - eth_getBalance
[2024/12/16 17:51:32.766] - eth_getTransactionCount
[2024/12/16 17:51:32.768] - eth_getBalance
[2024/12/16 17:51:32.769] - eth_getTransactionCount
[2024/12/16 17:51:32.773] - eth_getBalance
[2024/12/16 17:51:32.774] - eth_getTransactionCount
[2024/12/16 17:51:32.776] - eth_getBalance
[2024/12/16 17:51:32.778] - eth_getTransactionCount
[2024/12/16 17:51:32.779] - eth_getBalance
[2024/12/16 17:51:32.781] - eth_getTransactionCount
[2024/12/16 17:51:32.783] - eth_getBalance
[2024/12/16 17:51:32.784] - eth_getTransactionCount
[2024/12/16 17:51:32.787] - eth_getBalance
[2024/12/16 17:51:32.788] - eth_getTransactionCount
[2024/12/16 17:51:47.094] - eth_unsubscribe
[2024/12/16 17:51:47.094] - eth_unsubscribe
