[2024/12/16 17:48:05.427] - Starting server with initial configuration: {"gasLimit":6721975,"gasPrice":20000000000,"hardfork":"merge","hostname":"127.0.0.1","port":7545,"network_id":5777,"default_balance_ether":100,"total_accounts":10,"unlocked_accounts":[],"locked":false,"vmErrorsOnRPCResponse":true,"verbose":false,"flavor":"ethereum","db_path":"C:\\Users\\TANISHKA\\AppData\\Roaming\\Ganache\\ui\\workspaces\\audio_chennai\\chaindata","mnemonic":"clip sense agree labor nasty ball message equal card harbor omit rail","logDirectory":"C:\\Users\\TANISHKA\\Desktop\\chennai\\logs"}
[2024/12/16 17:48:05.505] - eth_subscribe
[2024/12/16 17:48:05.506] - eth_getLogs
[2024/12/16 17:48:05.506] - eth_subscribe
[2024/12/16 17:48:05.519] - eth_subscribe
[2024/12/16 17:48:05.520] - eth_getLogs
[2024/12/16 17:48:05.521] - eth_subscribe
[2024/12/16 17:48:05.537] - eth_blockNumber
[2024/12/16 17:48:05.538] - eth_accounts
[2024/12/16 17:48:05.539] - eth_gasPrice
[2024/12/16 17:48:05.539] - eth_getBlockByNumber
[2024/12/16 17:48:05.540] - eth_subscribe
[2024/12/16 17:48:05.544] - eth_accounts
[2024/12/16 17:48:05.552] - eth_getBalance
[2024/12/16 17:48:05.553] - eth_getTransactionCount
[2024/12/16 17:48:05.556] - eth_getBalance
[2024/12/16 17:48:05.557] - eth_getTransactionCount
[2024/12/16 17:48:05.564] - eth_getBalance
[2024/12/16 17:48:05.567] - eth_getTransactionCount
[2024/12/16 17:48:05.568] - eth_getBalance
[2024/12/16 17:48:05.570] - eth_getTransactionCount
[2024/12/16 17:48:05.571] - eth_getBalance
[2024/12/16 17:48:05.572] - eth_getTransactionCount
[2024/12/16 17:48:05.573] - eth_getBalance
[2024/12/16 17:48:05.574] - eth_getTransactionCount
[2024/12/16 17:48:05.575] - eth_getBalance
[2024/12/16 17:48:05.578] - eth_getTransactionCount
[2024/12/16 17:48:05.579] - eth_getBalance
[2024/12/16 17:48:05.580] - eth_getTransactionCount
[2024/12/16 17:48:05.581] - eth_getBalance
[2024/12/16 17:48:05.583] - eth_getTransactionCount
[2024/12/16 17:48:05.584] - eth_getBalance
[2024/12/16 17:48:05.585] - eth_getTransactionCount
[2024/12/16 17:48:05.586] - eth_blockNumber
[2024/12/16 17:48:05.586] - eth_accounts
[2024/12/16 17:48:05.587] - eth_gasPrice
[2024/12/16 17:48:05.600] - eth_getTransactionCount
[2024/12/16 17:48:05.602] - eth_getBalance
[2024/12/16 17:48:05.604] - eth_getTransactionCount
[2024/12/16 17:48:05.606] - eth_getBalance
[2024/12/16 17:48:05.608] - eth_getTransactionCount
[2024/12/16 17:48:05.609] - eth_getBalance
[2024/12/16 17:48:05.610] - eth_getTransactionCount
[2024/12/16 17:48:05.611] - eth_getBalance
[2024/12/16 17:48:05.613] - eth_getTransactionCount
[2024/12/16 17:48:05.614] - eth_getBalance
[2024/12/16 17:48:05.616] - eth_getTransactionCount
[2024/12/16 17:48:05.616] - eth_getBalance
[2024/12/16 17:48:05.617] - eth_getTransactionCount
[2024/12/16 17:48:05.618] - eth_getBalance
[2024/12/16 17:48:05.620] - eth_getTransactionCount
[2024/12/16 17:48:05.621] - eth_getBalance
[2024/12/16 17:48:05.622] - eth_getTransactionCount
[2024/12/16 17:48:05.623] - eth_getBalance
[2024/12/16 17:48:05.624] - eth_getTransactionCount
[2024/12/16 17:48:05.628] - eth_getBlockByNumber
[2024/12/16 17:48:05.628] - eth_subscribe
[2024/12/16 17:48:05.689] - eth_getBalance
[2024/12/16 17:48:05.690] - eth_getTransactionCount
[2024/12/16 17:48:05.690] - eth_getBalance
[2024/12/16 17:48:05.691] - eth_getTransactionCount
[2024/12/16 17:48:05.692] - eth_getBalance
[2024/12/16 17:48:05.693] - eth_getTransactionCount
[2024/12/16 17:48:05.694] - eth_getBalance
[2024/12/16 17:48:05.695] - eth_getTransactionCount
[2024/12/16 17:48:05.696] - eth_getBalance
[2024/12/16 17:48:05.696] - eth_getTransactionCount
[2024/12/16 17:48:05.697] - eth_getBalance
[2024/12/16 17:48:05.699] - eth_getTransactionCount
[2024/12/16 17:48:05.699] - eth_getBalance
[2024/12/16 17:48:05.701] - eth_getTransactionCount
[2024/12/16 17:48:05.701] - eth_getBalance
[2024/12/16 17:48:05.703] - eth_getTransactionCount
[2024/12/16 17:48:05.709] - eth_getBalance
[2024/12/16 17:48:05.710] - eth_getTransactionCount
[2024/12/16 17:48:05.711] - eth_getBalance
[2024/12/16 17:48:05.712] - eth_getTransactionCount
[2024/12/16 17:48:05.713] - eth_getBalance
[2024/12/16 17:48:05.715] - eth_getTransactionCount
[2024/12/16 17:48:05.716] - eth_getBalance
[2024/12/16 17:48:05.717] - eth_getTransactionCount
[2024/12/16 17:48:05.718] - eth_getBalance
[2024/12/16 17:48:05.719] - eth_getTransactionCount
[2024/12/16 17:48:05.720] - eth_getBalance
[2024/12/16 17:48:05.721] - eth_getTransactionCount
[2024/12/16 17:48:05.721] - eth_getBalance
[2024/12/16 17:48:05.722] - eth_getTransactionCount
[2024/12/16 17:48:05.723] - eth_getBalance
[2024/12/16 17:48:05.724] - eth_getTransactionCount
[2024/12/16 17:48:05.725] - eth_getBalance
[2024/12/16 17:48:05.725] - eth_getTransactionCount
[2024/12/16 17:48:05.726] - eth_getBalance
[2024/12/16 17:48:05.727] - eth_getTransactionCount
[2024/12/16 17:48:05.728] - eth_getBalance
[2024/12/16 17:48:05.729] - eth_getTransactionCount
[2024/12/16 17:48:05.736] - eth_getBalance
[2024/12/16 17:48:05.737] - eth_getTransactionCount
[2024/12/16 17:48:29.616] - eth_blockNumber
[2024/12/16 17:49:50.150] - eth_unsubscribe
[2024/12/16 17:49:50.151] - eth_unsubscribe
