[2024/12/16 15:51:33.132] - Starting server with initial configuration: {"gasLimit":6721975,"gasPrice":20000000000,"hardfork":"merge","hostname":"127.0.0.1","port":7545,"network_id":5567,"default_balance_ether":100,"total_accounts":10,"unlocked_accounts":[],"locked":false,"vmErrorsOnRPCResponse":true,"verbose":false,"flavor":"ethereum","db_path":"C:\\Users\\TANISHKA\\AppData\\Roaming\\Ganache\\ui\\workspaces\\vulgar-island\\chaindata","mnemonic":"clip sense agree labor nasty ball message equal card harbor omit rail","logDirectory":"C:\\Users\\TANISHKA\\Desktop\\chennai\\logs"}
[2024/12/16 15:51:33.212] - eth_subscribe
[2024/12/16 15:51:33.213] - eth_getLogs
[2024/12/16 15:51:33.214] - eth_subscribe
[2024/12/16 15:51:33.215] - eth_subscribe
[2024/12/16 15:51:33.215] - eth_getLogs
[2024/12/16 15:51:33.215] - eth_subscribe
[2024/12/16 15:51:33.216] - eth_accounts
[2024/12/16 15:51:33.216] - eth_gasPrice
[2024/12/16 15:51:33.216] - eth_getBlockByNumber
[2024/12/16 15:51:33.217] - eth_subscribe
[2024/12/16 15:51:33.224] - eth_getBalance
[2024/12/16 15:51:33.225] - eth_getTransactionCount
[2024/12/16 15:51:33.226] - eth_getBalance
[2024/12/16 15:51:33.227] - eth_getTransactionCount
[2024/12/16 15:51:33.228] - eth_getBalance
[2024/12/16 15:51:33.230] - eth_getTransactionCount
[2024/12/16 15:51:33.231] - eth_getBalance
[2024/12/16 15:51:33.232] - eth_getTransactionCount
[2024/12/16 15:51:33.233] - eth_getBalance
[2024/12/16 15:51:33.235] - eth_getTransactionCount
[2024/12/16 15:51:33.236] - eth_getBalance
[2024/12/16 15:51:33.237] - eth_getTransactionCount
[2024/12/16 15:51:33.240] - eth_getBalance
[2024/12/16 15:51:33.241] - eth_getTransactionCount
[2024/12/16 15:51:33.242] - eth_getBalance
[2024/12/16 15:51:33.243] - eth_getTransactionCount
[2024/12/16 15:51:33.244] - eth_getBalance
[2024/12/16 15:51:33.245] - eth_getTransactionCount
[2024/12/16 15:51:33.247] - eth_getBalance
[2024/12/16 15:51:33.248] - eth_getTransactionCount
[2024/12/16 15:51:33.266] - eth_blockNumber
[2024/12/16 15:51:33.266] - eth_accounts
[2024/12/16 15:51:33.267] - eth_gasPrice
[2024/12/16 15:51:33.273] - eth_getBlockByNumber
[2024/12/16 15:51:33.274] - eth_subscribe
[2024/12/16 15:51:33.274] - eth_blockNumber
[2024/12/16 15:51:33.302] - eth_getBalance
[2024/12/16 15:51:33.303] - eth_getTransactionCount
[2024/12/16 15:51:33.304] - eth_getBalance
[2024/12/16 15:51:33.305] - eth_getTransactionCount
[2024/12/16 15:51:33.306] - eth_getBalance
[2024/12/16 15:51:33.308] - eth_getTransactionCount
[2024/12/16 15:51:33.309] - eth_getBalance
[2024/12/16 15:51:33.310] - eth_getTransactionCount
[2024/12/16 15:51:33.311] - eth_getBalance
[2024/12/16 15:51:33.312] - eth_getTransactionCount
[2024/12/16 15:51:33.314] - eth_getBalance
[2024/12/16 15:51:33.315] - eth_getTransactionCount
[2024/12/16 15:51:33.317] - eth_getBalance
[2024/12/16 15:51:33.317] - eth_getTransactionCount
[2024/12/16 15:51:33.319] - eth_getBalance
[2024/12/16 15:51:33.320] - eth_getTransactionCount
[2024/12/16 15:51:33.320] - eth_getBalance
[2024/12/16 15:51:33.321] - eth_getTransactionCount
[2024/12/16 15:51:33.322] - eth_getBalance
[2024/12/16 15:51:33.325] - eth_getTransactionCount
[2024/12/16 15:51:33.328] - eth_getBalance
[2024/12/16 15:51:33.329] - eth_getTransactionCount
[2024/12/16 15:51:33.331] - eth_getBalance
[2024/12/16 15:51:33.332] - eth_getTransactionCount
[2024/12/16 15:51:33.333] - eth_getBalance
[2024/12/16 15:51:33.334] - eth_getTransactionCount
[2024/12/16 15:51:33.335] - eth_getBalance
[2024/12/16 15:51:33.337] - eth_getTransactionCount
[2024/12/16 15:51:33.338] - eth_getBalance
[2024/12/16 15:51:33.338] - eth_getTransactionCount
[2024/12/16 15:51:33.339] - eth_getBalance
[2024/12/16 15:51:33.340] - eth_getTransactionCount
[2024/12/16 15:51:33.341] - eth_getBalance
[2024/12/16 15:51:33.342] - eth_getTransactionCount
[2024/12/16 15:51:33.343] - eth_getBalance
[2024/12/16 15:51:33.343] - eth_getTransactionCount
[2024/12/16 15:51:33.345] - eth_getBalance
[2024/12/16 15:51:33.346] - eth_getTransactionCount
[2024/12/16 15:51:33.347] - eth_getBalance
[2024/12/16 15:51:33.348] - eth_getTransactionCount
[2024/12/16 15:51:33.397] - eth_getBalance
[2024/12/16 15:51:33.398] - eth_getTransactionCount
[2024/12/16 15:51:33.400] - eth_getBalance
[2024/12/16 15:51:33.401] - eth_getTransactionCount
[2024/12/16 15:51:33.403] - eth_getBalance
[2024/12/16 15:51:33.404] - eth_getTransactionCount
[2024/12/16 15:51:33.405] - eth_getBalance
[2024/12/16 15:51:33.406] - eth_getTransactionCount
[2024/12/16 15:51:33.407] - eth_getBalance
[2024/12/16 15:51:33.409] - eth_getTransactionCount
[2024/12/16 15:51:33.409] - eth_getBalance
[2024/12/16 15:51:33.410] - eth_getTransactionCount
[2024/12/16 15:51:33.411] - eth_getBalance
[2024/12/16 15:51:33.411] - eth_getTransactionCount
[2024/12/16 15:51:33.412] - eth_getBalance
[2024/12/16 15:51:33.413] - eth_getTransactionCount
[2024/12/16 15:51:33.414] - eth_getBalance
[2024/12/16 15:51:33.415] - eth_getTransactionCount
[2024/12/16 15:51:33.416] - eth_getBalance
[2024/12/16 15:51:33.417] - eth_getTransactionCount
[2024/12/16 15:51:44.021] - eth_chainId
[2024/12/16 15:51:46.515] - eth_chainId
[2024/12/16 15:51:51.830] - eth_chainId
[2024/12/16 15:51:51.960] - eth_chainId
[2024/12/16 15:51:52.748] - eth_chainId
[2024/12/16 15:53:02.212] - eth_unsubscribe
[2024/12/16 15:53:02.213] - eth_unsubscribe
