[2024/12/16 21:15:25.255] - Starting server with initial configuration: {"gasLimit":6721975,"gasPrice":20000000000,"hardfork":"merge","hostname":"127.0.0.1","port":7545,"network_id":1400,"default_balance_ether":100,"total_accounts":10,"unlocked_accounts":[],"locked":false,"vmErrorsOnRPCResponse":true,"verbose":false,"flavor":"ethereum","db_path":"C:\\Users\\TANISHKA\\AppData\\Roaming\\Ganache\\ui\\workspaces\\audio_chennai\\chaindata","mnemonic":"clip sense agree labor nasty ball message equal card harbor omit rail","logDirectory":"C:\\Users\\TANISHKA\\Desktop\\chennai\\logs"}
[2024/12/16 21:15:25.324] - eth_subscribe
[2024/12/16 21:15:25.325] - eth_getLogs
[2024/12/16 21:15:25.325] - eth_subscribe
[2024/12/16 21:15:25.340] - eth_subscribe
[2024/12/16 21:15:25.341] - eth_getLogs
[2024/12/16 21:15:25.341] - eth_subscribe
[2024/12/16 21:15:25.368] - eth_blockNumber
[2024/12/16 21:15:25.369] - eth_accounts
[2024/12/16 21:15:25.369] - eth_gasPrice
[2024/12/16 21:15:25.370] - eth_getBlockByNumber
[2024/12/16 21:15:25.370] - eth_subscribe
[2024/12/16 21:15:25.376] - eth_accounts
[2024/12/16 21:15:25.387] - eth_getBalance
[2024/12/16 21:15:25.389] - eth_getTransactionCount
[2024/12/16 21:15:25.391] - eth_getBalance
[2024/12/16 21:15:25.395] - eth_getTransactionCount
[2024/12/16 21:15:25.396] - eth_getBalance
[2024/12/16 21:15:25.398] - eth_getTransactionCount
[2024/12/16 21:15:25.400] - eth_getBalance
[2024/12/16 21:15:25.402] - eth_getTransactionCount
[2024/12/16 21:15:25.404] - eth_getBalance
[2024/12/16 21:15:25.407] - eth_getTransactionCount
[2024/12/16 21:15:25.408] - eth_getBalance
[2024/12/16 21:15:25.410] - eth_getTransactionCount
[2024/12/16 21:15:25.411] - eth_getBalance
[2024/12/16 21:15:25.413] - eth_getTransactionCount
[2024/12/16 21:15:25.415] - eth_getBalance
[2024/12/16 21:15:25.417] - eth_getTransactionCount
[2024/12/16 21:15:25.419] - eth_getBalance
[2024/12/16 21:15:25.421] - eth_getTransactionCount
[2024/12/16 21:15:25.422] - eth_getBalance
[2024/12/16 21:15:25.424] - eth_getTransactionCount
[2024/12/16 21:15:25.426] - eth_blockNumber
[2024/12/16 21:15:25.427] - eth_accounts
[2024/12/16 21:15:25.427] - eth_gasPrice
[2024/12/16 21:15:25.427] - eth_getBlockByNumber
[2024/12/16 21:15:25.428] - eth_subscribe
[2024/12/16 21:15:25.444] - eth_getTransactionCount
[2024/12/16 21:15:25.446] - eth_getBalance
[2024/12/16 21:15:25.448] - eth_getTransactionCount
[2024/12/16 21:15:25.449] - eth_getBalance
[2024/12/16 21:15:25.451] - eth_getTransactionCount
[2024/12/16 21:15:25.453] - eth_getBalance
[2024/12/16 21:15:25.455] - eth_getTransactionCount
[2024/12/16 21:15:25.457] - eth_getBalance
[2024/12/16 21:15:25.459] - eth_getTransactionCount
[2024/12/16 21:15:25.460] - eth_getBalance
[2024/12/16 21:15:25.462] - eth_getTransactionCount
[2024/12/16 21:15:25.464] - eth_getBalance
[2024/12/16 21:15:25.466] - eth_getTransactionCount
[2024/12/16 21:15:25.467] - eth_getBalance
[2024/12/16 21:15:25.469] - eth_getTransactionCount
[2024/12/16 21:15:25.470] - eth_getBalance
[2024/12/16 21:15:25.473] - eth_getTransactionCount
[2024/12/16 21:15:25.474] - eth_getBalance
[2024/12/16 21:15:25.476] - eth_getTransactionCount
[2024/12/16 21:15:25.597] - eth_getBalance
[2024/12/16 21:15:25.599] - eth_getTransactionCount
[2024/12/16 21:15:25.603] - eth_getBalance
[2024/12/16 21:15:25.608] - eth_getTransactionCount
[2024/12/16 21:15:25.612] - eth_getBalance
[2024/12/16 21:15:25.615] - eth_getTransactionCount
[2024/12/16 21:15:25.619] - eth_getBalance
[2024/12/16 21:15:25.624] - eth_getTransactionCount
[2024/12/16 21:15:25.627] - eth_getBalance
[2024/12/16 21:15:25.630] - eth_getTransactionCount
[2024/12/16 21:15:25.634] - eth_getBalance
[2024/12/16 21:15:25.637] - eth_getTransactionCount
[2024/12/16 21:15:25.639] - eth_getBalance
[2024/12/16 21:15:25.642] - eth_getTransactionCount
[2024/12/16 21:15:25.646] - eth_getBalance
[2024/12/16 21:15:25.650] - eth_getTransactionCount
[2024/12/16 21:15:25.652] - eth_getBalance
[2024/12/16 21:15:25.655] - eth_getTransactionCount
[2024/12/16 21:15:25.657] - eth_getBalance
[2024/12/16 21:15:25.660] - eth_getTransactionCount
[2024/12/16 21:15:25.674] - eth_getBalance
[2024/12/16 21:15:25.677] - eth_getTransactionCount
[2024/12/16 21:15:25.679] - eth_getBalance
[2024/12/16 21:15:25.684] - eth_getTransactionCount
[2024/12/16 21:15:25.685] - eth_getBalance
[2024/12/16 21:15:25.688] - eth_getTransactionCount
[2024/12/16 21:15:25.690] - eth_getBalance
[2024/12/16 21:15:25.693] - eth_getTransactionCount
[2024/12/16 21:15:25.696] - eth_getBalance
[2024/12/16 21:15:25.698] - eth_getTransactionCount
[2024/12/16 21:15:25.700] - eth_getBalance
[2024/12/16 21:15:25.703] - eth_getTransactionCount
[2024/12/16 21:15:25.706] - eth_getBalance
[2024/12/16 21:15:25.708] - eth_getTransactionCount
[2024/12/16 21:15:25.710] - eth_getBalance
[2024/12/16 21:15:25.713] - eth_getTransactionCount
[2024/12/16 21:15:25.718] - eth_getBalance
[2024/12/16 21:15:25.721] - eth_getTransactionCount
[2024/12/16 21:15:25.724] - eth_getBalance
[2024/12/16 21:15:25.726] - eth_getTransactionCount
[2024/12/16 21:15:28.052] - eth_unsubscribe
[2024/12/16 21:15:28.054] - eth_unsubscribe
