[2024/12/16 18:13:51.810] - Starting server with initial configuration: {"gasLimit":6721975,"gasPrice":20000000000,"hardfork":"merge","hostname":"127.0.0.1","port":7545,"network_id":5777,"default_balance_ether":100,"total_accounts":10,"unlocked_accounts":[],"locked":false,"vmErrorsOnRPCResponse":true,"verbose":false,"flavor":"ethereum","db_path":"C:\\Users\\TANISHKA\\AppData\\Roaming\\Ganache\\ui\\workspaces\\audio_chennai\\chaindata","mnemonic":"clip sense agree labor nasty ball message equal card harbor omit rail","logDirectory":"C:\\Users\\TANISHKA\\Desktop\\chennai\\logs"}
[2024/12/16 18:13:51.891] - eth_subscribe
[2024/12/16 18:13:51.892] - eth_getLogs
[2024/12/16 18:13:51.892] - eth_subscribe
[2024/12/16 18:13:51.907] - eth_subscribe
[2024/12/16 18:13:51.908] - eth_getLogs
[2024/12/16 18:13:51.908] - eth_subscribe
[2024/12/16 18:13:51.927] - eth_blockNumber
[2024/12/16 18:13:51.927] - eth_accounts
[2024/12/16 18:13:51.928] - eth_gasPrice
[2024/12/16 18:13:51.928] - eth_getBlockByNumber
[2024/12/16 18:13:51.929] - eth_subscribe
[2024/12/16 18:13:51.936] - eth_accounts
[2024/12/16 18:13:51.950] - eth_getBalance
[2024/12/16 18:13:51.953] - eth_getTransactionCount
[2024/12/16 18:13:51.957] - eth_getBalance
[2024/12/16 18:13:51.960] - eth_getTransactionCount
[2024/12/16 18:13:51.965] - eth_getBalance
[2024/12/16 18:13:51.966] - eth_getTransactionCount
[2024/12/16 18:13:51.968] - eth_getBalance
[2024/12/16 18:13:51.970] - eth_getTransactionCount
[2024/12/16 18:13:51.972] - eth_getBalance
[2024/12/16 18:13:51.975] - eth_getTransactionCount
[2024/12/16 18:13:51.976] - eth_getBalance
[2024/12/16 18:13:51.979] - eth_getTransactionCount
[2024/12/16 18:13:51.980] - eth_getBalance
[2024/12/16 18:13:51.982] - eth_getTransactionCount
[2024/12/16 18:13:51.984] - eth_getBalance
[2024/12/16 18:13:51.986] - eth_getTransactionCount
[2024/12/16 18:13:51.988] - eth_getBalance
[2024/12/16 18:13:51.989] - eth_getTransactionCount
[2024/12/16 18:13:51.991] - eth_getBalance
[2024/12/16 18:13:51.993] - eth_getTransactionCount
[2024/12/16 18:13:51.995] - eth_blockNumber
[2024/12/16 18:13:51.995] - eth_accounts
[2024/12/16 18:13:51.996] - eth_gasPrice
[2024/12/16 18:13:52.009] - eth_getTransactionCount
[2024/12/16 18:13:52.011] - eth_getBalance
[2024/12/16 18:13:52.012] - eth_getTransactionCount
[2024/12/16 18:13:52.015] - eth_getBalance
[2024/12/16 18:13:52.017] - eth_getTransactionCount
[2024/12/16 18:13:52.019] - eth_getBalance
[2024/12/16 18:13:52.021] - eth_getTransactionCount
[2024/12/16 18:13:52.022] - eth_getBalance
[2024/12/16 18:13:52.024] - eth_getTransactionCount
[2024/12/16 18:13:52.025] - eth_getBalance
[2024/12/16 18:13:52.027] - eth_getTransactionCount
[2024/12/16 18:13:52.029] - eth_getBalance
[2024/12/16 18:13:52.030] - eth_getTransactionCount
[2024/12/16 18:13:52.032] - eth_getBalance
[2024/12/16 18:13:52.034] - eth_getTransactionCount
[2024/12/16 18:13:52.035] - eth_getBalance
[2024/12/16 18:13:52.037] - eth_getTransactionCount
[2024/12/16 18:13:52.038] - eth_getBalance
[2024/12/16 18:13:52.040] - eth_getTransactionCount
[2024/12/16 18:13:52.047] - eth_getBlockByNumber
[2024/12/16 18:13:52.048] - eth_subscribe
[2024/12/16 18:13:52.160] - eth_getBalance
[2024/12/16 18:13:52.162] - eth_getTransactionCount
[2024/12/16 18:13:52.164] - eth_getBalance
[2024/12/16 18:13:52.166] - eth_getTransactionCount
[2024/12/16 18:13:52.168] - eth_getBalance
[2024/12/16 18:13:52.170] - eth_getTransactionCount
[2024/12/16 18:13:52.172] - eth_getBalance
[2024/12/16 18:13:52.174] - eth_getTransactionCount
[2024/12/16 18:13:52.177] - eth_getBalance
[2024/12/16 18:13:52.179] - eth_getTransactionCount
[2024/12/16 18:13:52.183] - eth_getBalance
[2024/12/16 18:13:52.185] - eth_getTransactionCount
[2024/12/16 18:13:52.187] - eth_getBalance
[2024/12/16 18:13:52.190] - eth_getTransactionCount
[2024/12/16 18:13:52.192] - eth_getBalance
[2024/12/16 18:13:52.194] - eth_getTransactionCount
[2024/12/16 18:13:52.196] - eth_getBalance
[2024/12/16 18:13:52.199] - eth_getTransactionCount
[2024/12/16 18:13:52.201] - eth_getBalance
[2024/12/16 18:13:52.203] - eth_getTransactionCount
[2024/12/16 18:13:52.205] - eth_getBalance
[2024/12/16 18:13:52.208] - eth_getTransactionCount
[2024/12/16 18:13:52.210] - eth_getBalance
[2024/12/16 18:13:52.212] - eth_getTransactionCount
[2024/12/16 18:13:52.214] - eth_getBalance
[2024/12/16 18:13:52.218] - eth_getTransactionCount
[2024/12/16 18:13:52.220] - eth_getBalance
[2024/12/16 18:13:52.222] - eth_getTransactionCount
[2024/12/16 18:13:52.224] - eth_getBalance
[2024/12/16 18:13:52.226] - eth_getTransactionCount
[2024/12/16 18:13:52.229] - eth_getBalance
[2024/12/16 18:13:52.231] - eth_getTransactionCount
[2024/12/16 18:13:52.235] - eth_getBalance
[2024/12/16 18:13:52.237] - eth_getTransactionCount
[2024/12/16 18:13:52.239] - eth_getBalance
[2024/12/16 18:13:52.242] - eth_getTransactionCount
[2024/12/16 18:13:52.244] - eth_getBalance
[2024/12/16 18:13:52.246] - eth_getTransactionCount
[2024/12/16 18:13:52.249] - eth_getBalance
[2024/12/16 18:13:52.251] - eth_getTransactionCount
[2024/12/16 18:14:02.676] - eth_blockNumber
[2024/12/16 18:14:02.686] - net_version
[2024/12/16 18:14:02.689] - eth_accounts
[2024/12/16 18:25:23.104] - eth_unsubscribe
[2024/12/16 18:25:23.106] - eth_unsubscribe
