[2024/12/16 15:53:02.292] - Starting server with initial configuration: {"gasLimit":6721975,"gasPrice":20000000000,"hardfork":"merge","hostname":"127.0.0.1","port":8545,"network_id":1400,"default_balance_ether":100,"total_accounts":10,"unlocked_accounts":[],"locked":false,"vmErrorsOnRPCResponse":true,"verbose":false,"flavor":"ethereum","db_path":"C:\\Users\\TANISHKA\\AppData\\Roaming\\Ganache\\ui\\workspaces\\vulgar-island\\chaindata","mnemonic":"clip sense agree labor nasty ball message equal card harbor omit rail","logDirectory":"C:\\Users\\TANISHKA\\Desktop\\chennai\\logs"}
[2024/12/16 15:53:02.368] - eth_subscribe
[2024/12/16 15:53:02.369] - eth_getLogs
[2024/12/16 15:53:02.369] - eth_subscribe
[2024/12/16 15:53:02.370] - eth_subscribe
[2024/12/16 15:53:02.371] - eth_getLogs
[2024/12/16 15:53:02.371] - eth_subscribe
[2024/12/16 15:53:02.378] - eth_blockNumber
[2024/12/16 15:53:02.379] - eth_accounts
[2024/12/16 15:53:02.379] - eth_gasPrice
[2024/12/16 15:53:02.380] - eth_getBlockByNumber
[2024/12/16 15:53:02.380] - eth_subscribe
[2024/12/16 15:53:02.381] - eth_accounts
[2024/12/16 15:53:02.387] - eth_getBalance
[2024/12/16 15:53:02.387] - eth_getTransactionCount
[2024/12/16 15:53:02.389] - eth_getBalance
[2024/12/16 15:53:02.390] - eth_getTransactionCount
[2024/12/16 15:53:02.391] - eth_getBalance
[2024/12/16 15:53:02.393] - eth_getTransactionCount
[2024/12/16 15:53:02.394] - eth_getBalance
[2024/12/16 15:53:02.395] - eth_getTransactionCount
[2024/12/16 15:53:02.396] - eth_getBalance
[2024/12/16 15:53:02.397] - eth_getTransactionCount
[2024/12/16 15:53:02.398] - eth_getBalance
[2024/12/16 15:53:02.399] - eth_getTransactionCount
[2024/12/16 15:53:02.400] - eth_getBalance
[2024/12/16 15:53:02.402] - eth_getTransactionCount
[2024/12/16 15:53:02.403] - eth_getBalance
[2024/12/16 15:53:02.404] - eth_getTransactionCount
[2024/12/16 15:53:02.405] - eth_getBalance
[2024/12/16 15:53:02.405] - eth_getTransactionCount
[2024/12/16 15:53:02.406] - eth_getBalance
[2024/12/16 15:53:02.407] - eth_getTransactionCount
[2024/12/16 15:53:02.408] - eth_blockNumber
[2024/12/16 15:53:02.408] - eth_accounts
[2024/12/16 15:53:02.409] - eth_gasPrice
[2024/12/16 15:53:02.409] - eth_getBlockByNumber
[2024/12/16 15:53:02.409] - eth_subscribe
[2024/12/16 15:53:02.420] - eth_getTransactionCount
[2024/12/16 15:53:02.421] - eth_getBalance
[2024/12/16 15:53:02.422] - eth_getTransactionCount
[2024/12/16 15:53:02.423] - eth_getBalance
[2024/12/16 15:53:02.423] - eth_getTransactionCount
[2024/12/16 15:53:02.424] - eth_getBalance
[2024/12/16 15:53:02.426] - eth_getTransactionCount
[2024/12/16 15:53:02.428] - eth_getBalance
[2024/12/16 15:53:02.429] - eth_getTransactionCount
[2024/12/16 15:53:02.430] - eth_getBalance
[2024/12/16 15:53:02.431] - eth_getTransactionCount
[2024/12/16 15:53:02.432] - eth_getBalance
[2024/12/16 15:53:02.435] - eth_getTransactionCount
[2024/12/16 15:53:02.436] - eth_getBalance
[2024/12/16 15:53:02.438] - eth_getTransactionCount
[2024/12/16 15:53:02.440] - eth_getBalance
[2024/12/16 15:53:02.442] - eth_getTransactionCount
[2024/12/16 15:53:02.443] - eth_getBalance
[2024/12/16 15:53:02.444] - eth_getTransactionCount
[2024/12/16 15:53:02.509] - eth_getBalance
[2024/12/16 15:53:02.510] - eth_getTransactionCount
[2024/12/16 15:53:02.511] - eth_getBalance
[2024/12/16 15:53:02.512] - eth_getTransactionCount
[2024/12/16 15:53:02.512] - eth_getBalance
[2024/12/16 15:53:02.513] - eth_getTransactionCount
[2024/12/16 15:53:02.514] - eth_getBalance
[2024/12/16 15:53:02.515] - eth_getTransactionCount
[2024/12/16 15:53:02.516] - eth_getBalance
[2024/12/16 15:53:02.517] - eth_getTransactionCount
[2024/12/16 15:53:02.518] - eth_getBalance
[2024/12/16 15:53:02.519] - eth_getTransactionCount
[2024/12/16 15:53:02.520] - eth_getBalance
[2024/12/16 15:53:02.521] - eth_getTransactionCount
[2024/12/16 15:53:02.521] - eth_getBalance
[2024/12/16 15:53:02.522] - eth_getTransactionCount
[2024/12/16 15:53:02.523] - eth_getBalance
[2024/12/16 15:53:02.524] - eth_getTransactionCount
[2024/12/16 15:53:02.526] - eth_getBalance
[2024/12/16 15:53:02.528] - eth_getTransactionCount
[2024/12/16 15:53:02.533] - eth_getBalance
[2024/12/16 15:53:02.534] - eth_getTransactionCount
[2024/12/16 15:53:02.535] - eth_getBalance
[2024/12/16 15:53:02.536] - eth_getTransactionCount
[2024/12/16 15:53:02.537] - eth_getBalance
[2024/12/16 15:53:02.538] - eth_getTransactionCount
[2024/12/16 15:53:02.539] - eth_getBalance
[2024/12/16 15:53:02.540] - eth_getTransactionCount
[2024/12/16 15:53:02.541] - eth_getBalance
[2024/12/16 15:53:02.542] - eth_getTransactionCount
[2024/12/16 15:53:02.542] - eth_getBalance
[2024/12/16 15:53:02.543] - eth_getTransactionCount
[2024/12/16 15:53:02.544] - eth_getBalance
[2024/12/16 15:53:02.545] - eth_getTransactionCount
[2024/12/16 15:53:02.546] - eth_getBalance
[2024/12/16 15:53:02.546] - eth_getTransactionCount
[2024/12/16 15:53:02.547] - eth_getBalance
[2024/12/16 15:53:02.548] - eth_getTransactionCount
[2024/12/16 15:53:02.549] - eth_getBalance
[2024/12/16 15:53:02.550] - eth_getTransactionCount
[2024/12/16 15:53:13.576] - eth_unsubscribe
[2024/12/16 15:53:13.577] - eth_unsubscribe
