[2024/12/16 15:58:14.172] - Starting server with initial configuration: {"gasLimit":6721975,"gasPrice":20000000000,"hardfork":"merge","hostname":"127.0.0.1","port":8545,"network_id":1400,"default_balance_ether":100,"total_accounts":10,"unlocked_accounts":[],"locked":false,"vmErrorsOnRPCResponse":true,"verbose":false,"flavor":"ethereum","db_path":"C:\\Users\\TANISHKA\\AppData\\Roaming\\Ganache\\ui\\workspaces\\audio_chennai\\chaindata","mnemonic":"clip sense agree labor nasty ball message equal card harbor omit rail","logDirectory":"C:\\Users\\TANISHKA\\Desktop\\chennai\\logs"}
[2024/12/16 15:58:14.282] - eth_subscribe
[2024/12/16 15:58:14.284] - eth_getLogs
[2024/12/16 15:58:14.285] - eth_subscribe
[2024/12/16 15:58:14.296] - eth_subscribe
[2024/12/16 15:58:14.298] - eth_getLogs
[2024/12/16 15:58:14.298] - eth_subscribe
[2024/12/16 15:58:14.335] - eth_blockNumber
[2024/12/16 15:58:14.335] - eth_accounts
[2024/12/16 15:58:14.336] - eth_gasPrice
[2024/12/16 15:58:14.336] - eth_getBlockByNumber
[2024/12/16 15:58:14.337] - eth_subscribe
[2024/12/16 15:58:14.338] - eth_blockNumber
[2024/12/16 15:58:14.338] - eth_accounts
[2024/12/16 15:58:14.338] - eth_gasPrice
[2024/12/16 15:58:14.343] - eth_accounts
[2024/12/16 15:58:14.344] - eth_getBlockByNumber
[2024/12/16 15:58:14.345] - eth_subscribe
[2024/12/16 15:58:14.368] - eth_getBalance
[2024/12/16 15:58:14.370] - eth_getTransactionCount
[2024/12/16 15:58:14.372] - eth_getBalance
[2024/12/16 15:58:14.374] - eth_getTransactionCount
[2024/12/16 15:58:14.376] - eth_getBalance
[2024/12/16 15:58:14.378] - eth_getTransactionCount
[2024/12/16 15:58:14.380] - eth_getBalance
[2024/12/16 15:58:14.382] - eth_getTransactionCount
[2024/12/16 15:58:14.384] - eth_getBalance
[2024/12/16 15:58:14.387] - eth_getTransactionCount
[2024/12/16 15:58:14.392] - eth_getBalance
[2024/12/16 15:58:14.393] - eth_getTransactionCount
[2024/12/16 15:58:14.395] - eth_getBalance
[2024/12/16 15:58:14.397] - eth_getTransactionCount
[2024/12/16 15:58:14.399] - eth_getBalance
[2024/12/16 15:58:14.400] - eth_getTransactionCount
[2024/12/16 15:58:14.401] - eth_getBalance
[2024/12/16 15:58:14.403] - eth_getTransactionCount
[2024/12/16 15:58:14.404] - eth_getBalance
[2024/12/16 15:58:14.405] - eth_getTransactionCount
[2024/12/16 15:58:14.410] - eth_getBalance
[2024/12/16 15:58:14.412] - eth_getTransactionCount
[2024/12/16 15:58:14.413] - eth_getBalance
[2024/12/16 15:58:14.416] - eth_getTransactionCount
[2024/12/16 15:58:14.418] - eth_getBalance
[2024/12/16 15:58:14.420] - eth_getTransactionCount
[2024/12/16 15:58:14.421] - eth_getBalance
[2024/12/16 15:58:14.422] - eth_getTransactionCount
[2024/12/16 15:58:14.423] - eth_getBalance
[2024/12/16 15:58:14.424] - eth_getTransactionCount
[2024/12/16 15:58:14.425] - eth_getBalance
[2024/12/16 15:58:14.426] - eth_getTransactionCount
[2024/12/16 15:58:14.427] - eth_getBalance
[2024/12/16 15:58:14.428] - eth_getTransactionCount
[2024/12/16 15:58:14.429] - eth_getBalance
[2024/12/16 15:58:14.430] - eth_getTransactionCount
[2024/12/16 15:58:14.431] - eth_getBalance
[2024/12/16 15:58:14.432] - eth_getTransactionCount
[2024/12/16 15:58:14.433] - eth_getBalance
[2024/12/16 15:58:14.434] - eth_getTransactionCount
[2024/12/16 15:58:14.435] - eth_getBalance
[2024/12/16 15:58:14.436] - eth_getTransactionCount
[2024/12/16 15:58:14.437] - eth_getBalance
[2024/12/16 15:58:14.438] - eth_getTransactionCount
[2024/12/16 15:58:14.439] - eth_getBalance
[2024/12/16 15:58:14.441] - eth_getTransactionCount
[2024/12/16 15:58:14.442] - eth_getBalance
[2024/12/16 15:58:14.443] - eth_getTransactionCount
[2024/12/16 15:58:14.444] - eth_getBalance
[2024/12/16 15:58:14.446] - eth_getTransactionCount
[2024/12/16 15:58:14.447] - eth_getBalance
[2024/12/16 15:58:14.449] - eth_getTransactionCount
[2024/12/16 15:58:14.452] - eth_getBalance
[2024/12/16 15:58:14.454] - eth_getTransactionCount
[2024/12/16 15:58:14.456] - eth_getBalance
[2024/12/16 15:58:14.459] - eth_getTransactionCount
[2024/12/16 15:58:14.460] - eth_getBalance
[2024/12/16 15:58:14.461] - eth_getTransactionCount
[2024/12/16 15:58:14.463] - eth_getBalance
[2024/12/16 15:58:14.464] - eth_getTransactionCount
[2024/12/16 15:58:14.491] - eth_getBalance
[2024/12/16 15:58:14.493] - eth_getTransactionCount
[2024/12/16 15:58:14.495] - eth_getBalance
[2024/12/16 15:58:14.497] - eth_getTransactionCount
[2024/12/16 15:58:14.498] - eth_getBalance
[2024/12/16 15:58:14.499] - eth_getTransactionCount
[2024/12/16 15:58:14.500] - eth_getBalance
[2024/12/16 15:58:14.502] - eth_getTransactionCount
[2024/12/16 15:58:14.503] - eth_getBalance
[2024/12/16 15:58:14.504] - eth_getTransactionCount
[2024/12/16 15:58:14.505] - eth_getBalance
[2024/12/16 15:58:14.506] - eth_getTransactionCount
[2024/12/16 15:58:14.508] - eth_getBalance
[2024/12/16 15:58:14.508] - eth_getTransactionCount
[2024/12/16 15:58:14.509] - eth_getBalance
[2024/12/16 15:58:14.510] - eth_getTransactionCount
[2024/12/16 15:58:14.511] - eth_getBalance
[2024/12/16 15:58:14.512] - eth_getTransactionCount
[2024/12/16 15:58:14.513] - eth_getBalance
[2024/12/16 15:58:14.514] - eth_getTransactionCount
[2024/12/16 15:58:24.156] - eth_unsubscribe
[2024/12/16 15:58:24.157] - eth_unsubscribe
