[2024/12/16 18:10:46.255] - Starting server with initial configuration: {"gasLimit":6721975,"gasPrice":20000000000,"hardfork":"merge","hostname":"127.0.0.1","port":7545,"network_id":1400,"default_balance_ether":100,"total_accounts":10,"unlocked_accounts":[],"locked":false,"vmErrorsOnRPCResponse":true,"verbose":false,"flavor":"ethereum","db_path":"C:\\Users\\TANISHKA\\AppData\\Roaming\\Ganache\\ui\\workspaces\\audio_chennai\\chaindata","mnemonic":"clip sense agree labor nasty ball message equal card harbor omit rail","logDirectory":"C:\\Users\\TANISHKA\\Desktop\\chennai\\logs"}
[2024/12/16 18:10:46.368] - eth_subscribe
[2024/12/16 18:10:46.370] - eth_getLogs
[2024/12/16 18:10:46.371] - eth_subscribe
[2024/12/16 18:10:46.398] - eth_subscribe
[2024/12/16 18:10:46.399] - eth_getLogs
[2024/12/16 18:10:46.399] - eth_subscribe
[2024/12/16 18:10:46.432] - eth_blockNumber
[2024/12/16 18:10:46.433] - eth_accounts
[2024/12/16 18:10:46.434] - eth_gasPrice
[2024/12/16 18:10:46.435] - eth_getBlockByNumber
[2024/12/16 18:10:46.436] - eth_subscribe
[2024/12/16 18:10:46.469] - eth_getBalance
[2024/12/16 18:10:46.471] - eth_getTransactionCount
[2024/12/16 18:10:46.474] - eth_getBalance
[2024/12/16 18:10:46.477] - eth_getTransactionCount
[2024/12/16 18:10:46.480] - eth_getBalance
[2024/12/16 18:10:46.483] - eth_getTransactionCount
[2024/12/16 18:10:46.486] - eth_getBalance
[2024/12/16 18:10:46.488] - eth_getTransactionCount
[2024/12/16 18:10:46.492] - eth_getBalance
[2024/12/16 18:10:46.496] - eth_getTransactionCount
[2024/12/16 18:10:46.498] - eth_getBalance
[2024/12/16 18:10:46.501] - eth_getTransactionCount
[2024/12/16 18:10:46.504] - eth_getBalance
[2024/12/16 18:10:46.506] - eth_getTransactionCount
[2024/12/16 18:10:46.510] - eth_getBalance
[2024/12/16 18:10:46.512] - eth_getTransactionCount
[2024/12/16 18:10:46.515] - eth_getBalance
[2024/12/16 18:10:46.518] - eth_getTransactionCount
[2024/12/16 18:10:46.520] - eth_getBalance
[2024/12/16 18:10:46.522] - eth_getTransactionCount
[2024/12/16 18:10:46.525] - eth_getBalance
[2024/12/16 18:10:46.528] - eth_getTransactionCount
[2024/12/16 18:10:46.530] - eth_getBalance
[2024/12/16 18:10:46.532] - eth_getTransactionCount
[2024/12/16 18:10:46.534] - eth_getBalance
[2024/12/16 18:10:46.537] - eth_getTransactionCount
[2024/12/16 18:10:46.542] - eth_getBalance
[2024/12/16 18:10:46.544] - eth_getTransactionCount
[2024/12/16 18:10:46.546] - eth_getBalance
[2024/12/16 18:10:46.548] - eth_getTransactionCount
[2024/12/16 18:10:46.550] - eth_getBalance
[2024/12/16 18:10:46.553] - eth_getTransactionCount
[2024/12/16 18:10:46.556] - eth_getBalance
[2024/12/16 18:10:46.558] - eth_getTransactionCount
[2024/12/16 18:10:46.561] - eth_getBalance
[2024/12/16 18:10:46.564] - eth_getTransactionCount
[2024/12/16 18:10:46.566] - eth_getBalance
[2024/12/16 18:10:46.568] - eth_getTransactionCount
[2024/12/16 18:10:46.570] - eth_getBalance
[2024/12/16 18:10:46.572] - eth_getTransactionCount
[2024/12/16 18:10:46.602] - eth_blockNumber
[2024/12/16 18:10:46.603] - eth_accounts
[2024/12/16 18:10:46.604] - eth_gasPrice
[2024/12/16 18:10:46.604] - eth_getBlockByNumber
[2024/12/16 18:10:46.605] - eth_subscribe
[2024/12/16 18:10:46.870] - eth_getBalance
[2024/12/16 18:10:46.872] - eth_getTransactionCount
[2024/12/16 18:10:46.874] - eth_getBalance
[2024/12/16 18:10:46.877] - eth_getTransactionCount
[2024/12/16 18:10:46.879] - eth_getBalance
[2024/12/16 18:10:46.881] - eth_getTransactionCount
[2024/12/16 18:10:46.883] - eth_getBalance
[2024/12/16 18:10:46.886] - eth_getTransactionCount
[2024/12/16 18:10:46.888] - eth_getBalance
[2024/12/16 18:10:46.891] - eth_getTransactionCount
[2024/12/16 18:10:46.894] - eth_getBalance
[2024/12/16 18:10:46.897] - eth_getTransactionCount
[2024/12/16 18:10:46.899] - eth_getBalance
[2024/12/16 18:10:46.902] - eth_getTransactionCount
[2024/12/16 18:10:46.904] - eth_getBalance
[2024/12/16 18:10:46.906] - eth_getTransactionCount
[2024/12/16 18:10:46.910] - eth_getBalance
[2024/12/16 18:10:46.912] - eth_getTransactionCount
[2024/12/16 18:10:46.916] - eth_getBalance
[2024/12/16 18:10:46.919] - eth_getTransactionCount
[2024/12/16 18:10:46.930] - eth_getBalance
[2024/12/16 18:10:46.931] - eth_getTransactionCount
[2024/12/16 18:10:46.933] - eth_getBalance
[2024/12/16 18:10:46.936] - eth_getTransactionCount
[2024/12/16 18:10:46.938] - eth_getBalance
[2024/12/16 18:10:46.942] - eth_getTransactionCount
[2024/12/16 18:10:46.944] - eth_getBalance
[2024/12/16 18:10:46.946] - eth_getTransactionCount
[2024/12/16 18:10:46.949] - eth_getBalance
[2024/12/16 18:10:46.951] - eth_getTransactionCount
[2024/12/16 18:10:46.954] - eth_getBalance
[2024/12/16 18:10:46.956] - eth_getTransactionCount
[2024/12/16 18:10:46.959] - eth_getBalance
[2024/12/16 18:10:46.961] - eth_getTransactionCount
[2024/12/16 18:10:46.964] - eth_getBalance
[2024/12/16 18:10:46.966] - eth_getTransactionCount
[2024/12/16 18:10:46.969] - eth_getBalance
[2024/12/16 18:10:46.971] - eth_getTransactionCount
[2024/12/16 18:10:46.972] - eth_getBalance
[2024/12/16 18:10:46.975] - eth_getTransactionCount
[2024/12/16 18:10:48.839] - eth_unsubscribe
[2024/12/16 18:10:48.839] - eth_unsubscribe
