[2024/12/16 17:44:17.520] - Starting server with initial configuration: {"gasLimit":6721975,"gasPrice":20000000000,"hardfork":"merge","hostname":"127.0.0.1","port":7545,"network_id":1400,"default_balance_ether":100,"total_accounts":10,"unlocked_accounts":[],"locked":false,"vmErrorsOnRPCResponse":true,"verbose":false,"flavor":"ethereum","db_path":"C:\\Users\\TANISHKA\\AppData\\Roaming\\Ganache\\ui\\workspaces\\audio_chennai\\chaindata","mnemonic":"clip sense agree labor nasty ball message equal card harbor omit rail","logDirectory":"C:\\Users\\TANISHKA\\Desktop\\chennai\\logs"}
[2024/12/16 17:44:17.641] - eth_subscribe
[2024/12/16 17:44:17.643] - eth_getLogs
[2024/12/16 17:44:17.644] - eth_subscribe
[2024/12/16 17:44:17.658] - eth_subscribe
[2024/12/16 17:44:17.658] - eth_getLogs
[2024/12/16 17:44:17.659] - eth_subscribe
[2024/12/16 17:44:17.698] - eth_subscribe
[2024/12/16 17:44:17.708] - eth_blockNumber
[2024/12/16 17:44:17.709] - eth_accounts
[2024/12/16 17:44:17.710] - eth_gasPrice
[2024/12/16 17:44:17.710] - eth_getBlockByNumber
[2024/12/16 17:44:17.711] - eth_subscribe
[2024/12/16 17:44:17.713] - eth_blockNumber
[2024/12/16 17:44:17.713] - eth_accounts
[2024/12/16 17:44:17.714] - eth_gasPrice
[2024/12/16 17:44:17.714] - eth_getBlockByNumber
[2024/12/16 17:44:17.717] - eth_accounts
[2024/12/16 17:44:17.738] - eth_getBalance
[2024/12/16 17:44:17.739] - eth_getTransactionCount
[2024/12/16 17:44:17.746] - eth_getBalance
[2024/12/16 17:44:17.748] - eth_getTransactionCount
[2024/12/16 17:44:17.750] - eth_getBalance
[2024/12/16 17:44:17.753] - eth_getTransactionCount
[2024/12/16 17:44:17.757] - eth_getBalance
[2024/12/16 17:44:17.760] - eth_getTransactionCount
[2024/12/16 17:44:17.762] - eth_getBalance
[2024/12/16 17:44:17.764] - eth_getTransactionCount
[2024/12/16 17:44:17.767] - eth_getBalance
[2024/12/16 17:44:17.775] - eth_getTransactionCount
[2024/12/16 17:44:17.777] - eth_getBalance
[2024/12/16 17:44:17.778] - eth_getTransactionCount
[2024/12/16 17:44:17.781] - eth_getBalance
[2024/12/16 17:44:17.783] - eth_getTransactionCount
[2024/12/16 17:44:17.784] - eth_getBalance
[2024/12/16 17:44:17.785] - eth_getTransactionCount
[2024/12/16 17:44:17.787] - eth_getBalance
[2024/12/16 17:44:17.789] - eth_getTransactionCount
[2024/12/16 17:44:17.824] - eth_getBalance
[2024/12/16 17:44:17.825] - eth_getTransactionCount
[2024/12/16 17:44:17.827] - eth_getBalance
[2024/12/16 17:44:17.828] - eth_getTransactionCount
[2024/12/16 17:44:17.829] - eth_getBalance
[2024/12/16 17:44:17.831] - eth_getTransactionCount
[2024/12/16 17:44:17.833] - eth_getBalance
[2024/12/16 17:44:17.834] - eth_getTransactionCount
[2024/12/16 17:44:17.836] - eth_getBalance
[2024/12/16 17:44:17.837] - eth_getTransactionCount
[2024/12/16 17:44:17.843] - eth_getBalance
[2024/12/16 17:44:17.845] - eth_getTransactionCount
[2024/12/16 17:44:17.847] - eth_getBalance
[2024/12/16 17:44:17.848] - eth_getTransactionCount
[2024/12/16 17:44:17.849] - eth_getBalance
[2024/12/16 17:44:17.850] - eth_getTransactionCount
[2024/12/16 17:44:17.852] - eth_getBalance
[2024/12/16 17:44:17.853] - eth_getTransactionCount
[2024/12/16 17:44:17.856] - eth_getBalance
[2024/12/16 17:44:17.857] - eth_getTransactionCount
[2024/12/16 17:44:17.860] - eth_getBalance
[2024/12/16 17:44:17.861] - eth_getTransactionCount
[2024/12/16 17:44:17.862] - eth_getBalance
[2024/12/16 17:44:17.863] - eth_getTransactionCount
[2024/12/16 17:44:17.865] - eth_getBalance
[2024/12/16 17:44:17.872] - eth_getTransactionCount
[2024/12/16 17:44:17.873] - eth_getBalance
[2024/12/16 17:44:17.874] - eth_getTransactionCount
[2024/12/16 17:44:17.876] - eth_getBalance
[2024/12/16 17:44:17.877] - eth_getTransactionCount
[2024/12/16 17:44:17.878] - eth_getBalance
[2024/12/16 17:44:17.881] - eth_getTransactionCount
[2024/12/16 17:44:17.882] - eth_getBalance
[2024/12/16 17:44:17.885] - eth_getTransactionCount
[2024/12/16 17:44:17.887] - eth_getBalance
[2024/12/16 17:44:17.889] - eth_getTransactionCount
[2024/12/16 17:44:17.890] - eth_getBalance
[2024/12/16 17:44:17.891] - eth_getTransactionCount
[2024/12/16 17:44:17.894] - eth_getBalance
[2024/12/16 17:44:17.895] - eth_getTransactionCount
[2024/12/16 17:44:17.898] - eth_getBalance
[2024/12/16 17:44:17.899] - eth_getTransactionCount
[2024/12/16 17:44:17.906] - eth_getBalance
[2024/12/16 17:44:17.908] - eth_getTransactionCount
[2024/12/16 17:44:17.909] - eth_getBalance
[2024/12/16 17:44:17.910] - eth_getTransactionCount
[2024/12/16 17:44:17.911] - eth_getBalance
[2024/12/16 17:44:17.913] - eth_getTransactionCount
[2024/12/16 17:44:17.914] - eth_getBalance
[2024/12/16 17:44:17.915] - eth_getTransactionCount
[2024/12/16 17:44:17.916] - eth_getBalance
[2024/12/16 17:44:17.918] - eth_getTransactionCount
[2024/12/16 17:44:17.919] - eth_getBalance
[2024/12/16 17:44:17.920] - eth_getTransactionCount
[2024/12/16 17:44:17.921] - eth_getBalance
[2024/12/16 17:44:17.922] - eth_getTransactionCount
[2024/12/16 17:44:17.923] - eth_getBalance
[2024/12/16 17:44:17.924] - eth_getTransactionCount
[2024/12/16 17:44:17.926] - eth_getBalance
[2024/12/16 17:44:17.927] - eth_getTransactionCount
[2024/12/16 17:44:18.205] - eth_blockNumber
[2024/12/16 17:44:29.027] - eth_unsubscribe
[2024/12/16 17:44:29.033] - eth_unsubscribe
