[2024/12/16 17:44:29.117] - Starting server with initial configuration: {"gasLimit":6721975,"gasPrice":20000000000,"hardfork":"merge","hostname":"127.0.0.1","port":7545,"network_id":5777,"default_balance_ether":100,"total_accounts":10,"unlocked_accounts":[],"locked":false,"vmErrorsOnRPCResponse":true,"verbose":false,"flavor":"ethereum","db_path":"C:\\Users\\TANISHKA\\AppData\\Roaming\\Ganache\\ui\\workspaces\\audio_chennai\\chaindata","mnemonic":"clip sense agree labor nasty ball message equal card harbor omit rail","logDirectory":"C:\\Users\\TANISHKA\\Desktop\\chennai\\logs"}
[2024/12/16 17:44:29.200] - eth_subscribe
[2024/12/16 17:44:29.201] - eth_getLogs
[2024/12/16 17:44:29.202] - eth_subscribe
[2024/12/16 17:44:29.217] - eth_subscribe
[2024/12/16 17:44:29.218] - eth_getLogs
[2024/12/16 17:44:29.218] - eth_subscribe
[2024/12/16 17:44:29.227] - eth_blockNumber
[2024/12/16 17:44:29.229] - eth_accounts
[2024/12/16 17:44:29.233] - eth_gasPrice
[2024/12/16 17:44:29.234] - eth_getBlockByNumber
[2024/12/16 17:44:29.234] - eth_subscribe
[2024/12/16 17:44:29.238] - eth_accounts
[2024/12/16 17:44:29.247] - eth_getBalance
[2024/12/16 17:44:29.248] - eth_getTransactionCount
[2024/12/16 17:44:29.250] - eth_getBalance
[2024/12/16 17:44:29.252] - eth_getTransactionCount
[2024/12/16 17:44:29.253] - eth_getBalance
[2024/12/16 17:44:29.255] - eth_getTransactionCount
[2024/12/16 17:44:29.257] - eth_getBalance
[2024/12/16 17:44:29.259] - eth_getTransactionCount
[2024/12/16 17:44:29.260] - eth_getBalance
[2024/12/16 17:44:29.261] - eth_getTransactionCount
[2024/12/16 17:44:29.262] - eth_getBalance
[2024/12/16 17:44:29.269] - eth_getTransactionCount
[2024/12/16 17:44:29.271] - eth_getBalance
[2024/12/16 17:44:29.272] - eth_getTransactionCount
[2024/12/16 17:44:29.273] - eth_getBalance
[2024/12/16 17:44:29.274] - eth_getTransactionCount
[2024/12/16 17:44:29.276] - eth_getBalance
[2024/12/16 17:44:29.277] - eth_getTransactionCount
[2024/12/16 17:44:29.278] - eth_getBalance
[2024/12/16 17:44:29.280] - eth_getTransactionCount
[2024/12/16 17:44:29.281] - eth_blockNumber
[2024/12/16 17:44:29.281] - eth_accounts
[2024/12/16 17:44:29.282] - eth_gasPrice
[2024/12/16 17:44:29.288] - eth_getTransactionCount
[2024/12/16 17:44:29.289] - eth_getBalance
[2024/12/16 17:44:29.290] - eth_getTransactionCount
[2024/12/16 17:44:29.297] - eth_getBalance
[2024/12/16 17:44:29.298] - eth_getTransactionCount
[2024/12/16 17:44:29.300] - eth_getBalance
[2024/12/16 17:44:29.303] - eth_getTransactionCount
[2024/12/16 17:44:29.304] - eth_getBalance
[2024/12/16 17:44:29.306] - eth_getTransactionCount
[2024/12/16 17:44:29.307] - eth_getBalance
[2024/12/16 17:44:29.308] - eth_getTransactionCount
[2024/12/16 17:44:29.309] - eth_getBalance
[2024/12/16 17:44:29.310] - eth_getTransactionCount
[2024/12/16 17:44:29.311] - eth_getBalance
[2024/12/16 17:44:29.312] - eth_getTransactionCount
[2024/12/16 17:44:29.314] - eth_getBalance
[2024/12/16 17:44:29.315] - eth_getTransactionCount
[2024/12/16 17:44:29.316] - eth_getBalance
[2024/12/16 17:44:29.318] - eth_getTransactionCount
[2024/12/16 17:44:29.320] - eth_getBlockByNumber
[2024/12/16 17:44:29.321] - eth_subscribe
[2024/12/16 17:44:29.405] - eth_getBalance
[2024/12/16 17:44:29.406] - eth_getTransactionCount
[2024/12/16 17:44:29.408] - eth_getBalance
[2024/12/16 17:44:29.409] - eth_getTransactionCount
[2024/12/16 17:44:29.410] - eth_getBalance
[2024/12/16 17:44:29.411] - eth_getTransactionCount
[2024/12/16 17:44:29.412] - eth_getBalance
[2024/12/16 17:44:29.414] - eth_getTransactionCount
[2024/12/16 17:44:29.415] - eth_getBalance
[2024/12/16 17:44:29.416] - eth_getTransactionCount
[2024/12/16 17:44:29.416] - eth_getBalance
[2024/12/16 17:44:29.417] - eth_getTransactionCount
[2024/12/16 17:44:29.418] - eth_getBalance
[2024/12/16 17:44:29.419] - eth_getTransactionCount
[2024/12/16 17:44:29.420] - eth_getBalance
[2024/12/16 17:44:29.421] - eth_getTransactionCount
[2024/12/16 17:44:29.422] - eth_getBalance
[2024/12/16 17:44:29.423] - eth_getTransactionCount
[2024/12/16 17:44:29.424] - eth_getBalance
[2024/12/16 17:44:29.425] - eth_getTransactionCount
[2024/12/16 17:44:29.426] - eth_getBalance
[2024/12/16 17:44:29.427] - eth_getTransactionCount
[2024/12/16 17:44:29.434] - eth_getBalance
[2024/12/16 17:44:29.435] - eth_getTransactionCount
[2024/12/16 17:44:29.437] - eth_getBalance
[2024/12/16 17:44:29.438] - eth_getTransactionCount
[2024/12/16 17:44:29.439] - eth_getBalance
[2024/12/16 17:44:29.440] - eth_getTransactionCount
[2024/12/16 17:44:29.442] - eth_getBalance
[2024/12/16 17:44:29.443] - eth_getTransactionCount
[2024/12/16 17:44:29.444] - eth_getBalance
[2024/12/16 17:44:29.445] - eth_getTransactionCount
[2024/12/16 17:44:29.446] - eth_getBalance
[2024/12/16 17:44:29.448] - eth_getTransactionCount
[2024/12/16 17:44:29.448] - eth_getBalance
[2024/12/16 17:44:29.449] - eth_getTransactionCount
[2024/12/16 17:44:29.450] - eth_getBalance
[2024/12/16 17:44:29.451] - eth_getTransactionCount
[2024/12/16 17:44:29.452] - eth_getBalance
[2024/12/16 17:44:29.453] - eth_getTransactionCount
[2024/12/16 17:45:20.329] - eth_blockNumber
[2024/12/16 17:45:24.361] - eth_chainId
[2024/12/16 17:48:05.351] - eth_unsubscribe
[2024/12/16 17:48:05.351] - eth_unsubscribe
