[2024/12/16 18:26:26.416] - Starting server with initial configuration: {"gasLimit":6721975,"gasPrice":20000000000,"hardfork":"merge","hostname":"127.0.0.1","port":7545,"network_id":1400,"default_balance_ether":100,"total_accounts":10,"unlocked_accounts":[],"locked":false,"vmErrorsOnRPCResponse":true,"verbose":false,"flavor":"ethereum","db_path":"C:\\Users\\TANISHKA\\AppData\\Roaming\\Ganache\\ui\\workspaces\\audio_chennai\\chaindata","mnemonic":"clip sense agree labor nasty ball message equal card harbor omit rail","logDirectory":"C:\\Users\\TANISHKA\\Desktop\\chennai\\logs"}
[2024/12/16 18:26:26.490] - eth_subscribe
[2024/12/16 18:26:26.491] - eth_getLogs
[2024/12/16 18:26:26.491] - eth_subscribe
[2024/12/16 18:26:26.508] - eth_subscribe
[2024/12/16 18:26:26.509] - eth_getLogs
[2024/12/16 18:26:26.509] - eth_subscribe
[2024/12/16 18:26:26.527] - eth_blockNumber
[2024/12/16 18:26:26.528] - eth_accounts
[2024/12/16 18:26:26.529] - eth_gasPrice
[2024/12/16 18:26:26.529] - eth_getBlockByNumber
[2024/12/16 18:26:26.530] - eth_subscribe
[2024/12/16 18:26:26.536] - eth_accounts
[2024/12/16 18:26:26.549] - eth_getBalance
[2024/12/16 18:26:26.551] - eth_getTransactionCount
[2024/12/16 18:26:26.553] - eth_getBalance
[2024/12/16 18:26:26.556] - eth_getTransactionCount
[2024/12/16 18:26:26.558] - eth_getBalance
[2024/12/16 18:26:26.560] - eth_getTransactionCount
[2024/12/16 18:26:26.563] - eth_getBalance
[2024/12/16 18:26:26.564] - eth_getTransactionCount
[2024/12/16 18:26:26.567] - eth_getBalance
[2024/12/16 18:26:26.569] - eth_getTransactionCount
[2024/12/16 18:26:26.571] - eth_getBalance
[2024/12/16 18:26:26.572] - eth_getTransactionCount
[2024/12/16 18:26:26.575] - eth_getBalance
[2024/12/16 18:26:26.577] - eth_getTransactionCount
[2024/12/16 18:26:26.579] - eth_getBalance
[2024/12/16 18:26:26.581] - eth_getTransactionCount
[2024/12/16 18:26:26.583] - eth_getBalance
[2024/12/16 18:26:26.585] - eth_getTransactionCount
[2024/12/16 18:26:26.587] - eth_getBalance
[2024/12/16 18:26:26.588] - eth_getTransactionCount
[2024/12/16 18:26:26.595] - eth_blockNumber
[2024/12/16 18:26:26.596] - eth_accounts
[2024/12/16 18:26:26.597] - eth_gasPrice
[2024/12/16 18:26:26.597] - eth_getBlockByNumber
[2024/12/16 18:26:26.598] - eth_subscribe
[2024/12/16 18:26:26.615] - eth_getTransactionCount
[2024/12/16 18:26:26.617] - eth_getBalance
[2024/12/16 18:26:26.619] - eth_getTransactionCount
[2024/12/16 18:26:26.622] - eth_getBalance
[2024/12/16 18:26:26.624] - eth_getTransactionCount
[2024/12/16 18:26:26.627] - eth_getBalance
[2024/12/16 18:26:26.629] - eth_getTransactionCount
[2024/12/16 18:26:26.631] - eth_getBalance
[2024/12/16 18:26:26.633] - eth_getTransactionCount
[2024/12/16 18:26:26.636] - eth_getBalance
[2024/12/16 18:26:26.638] - eth_getTransactionCount
[2024/12/16 18:26:26.640] - eth_getBalance
[2024/12/16 18:26:26.642] - eth_getTransactionCount
[2024/12/16 18:26:26.644] - eth_getBalance
[2024/12/16 18:26:26.647] - eth_getTransactionCount
[2024/12/16 18:26:26.649] - eth_getBalance
[2024/12/16 18:26:26.655] - eth_getTransactionCount
[2024/12/16 18:26:26.657] - eth_getBalance
[2024/12/16 18:26:26.659] - eth_getTransactionCount
[2024/12/16 18:26:26.778] - eth_getBalance
[2024/12/16 18:26:26.781] - eth_getTransactionCount
[2024/12/16 18:26:26.783] - eth_getBalance
[2024/12/16 18:26:26.786] - eth_getTransactionCount
[2024/12/16 18:26:26.789] - eth_getBalance
[2024/12/16 18:26:26.791] - eth_getTransactionCount
[2024/12/16 18:26:26.794] - eth_getBalance
[2024/12/16 18:26:26.796] - eth_getTransactionCount
[2024/12/16 18:26:26.798] - eth_getBalance
[2024/12/16 18:26:26.801] - eth_getTransactionCount
[2024/12/16 18:26:26.803] - eth_getBalance
[2024/12/16 18:26:26.805] - eth_getTransactionCount
[2024/12/16 18:26:26.808] - eth_getBalance
[2024/12/16 18:26:26.811] - eth_getTransactionCount
[2024/12/16 18:26:26.813] - eth_getBalance
[2024/12/16 18:26:26.815] - eth_getTransactionCount
[2024/12/16 18:26:26.818] - eth_getBalance
[2024/12/16 18:26:26.821] - eth_getTransactionCount
[2024/12/16 18:26:26.822] - eth_getBalance
[2024/12/16 18:26:26.826] - eth_getTransactionCount
[2024/12/16 18:26:26.828] - eth_getBalance
[2024/12/16 18:26:26.830] - eth_getTransactionCount
[2024/12/16 18:26:26.831] - eth_getBalance
[2024/12/16 18:26:26.833] - eth_getTransactionCount
[2024/12/16 18:26:26.835] - eth_getBalance
[2024/12/16 18:26:26.837] - eth_getTransactionCount
[2024/12/16 18:26:26.839] - eth_getBalance
[2024/12/16 18:26:26.841] - eth_getTransactionCount
[2024/12/16 18:26:26.843] - eth_getBalance
[2024/12/16 18:26:26.845] - eth_getTransactionCount
[2024/12/16 18:26:26.847] - eth_getBalance
[2024/12/16 18:26:26.850] - eth_getTransactionCount
[2024/12/16 18:26:26.853] - eth_getBalance
[2024/12/16 18:26:26.855] - eth_getTransactionCount
[2024/12/16 18:26:26.857] - eth_getBalance
[2024/12/16 18:26:26.859] - eth_getTransactionCount
[2024/12/16 18:26:26.860] - eth_getBalance
[2024/12/16 18:26:26.862] - eth_getTransactionCount
[2024/12/16 18:26:26.864] - eth_getBalance
[2024/12/16 18:26:26.866] - eth_getTransactionCount
[2024/12/16 18:26:37.483] - eth_blockNumber
[2024/12/16 18:26:37.493] - net_version
[2024/12/16 18:26:37.497] - eth_accounts
