[2024/12/16 15:53:30.769] - Starting server with initial configuration: {"gasLimit":6721975,"gasPrice":20000000000,"hardfork":"merge","hostname":"127.0.0.1","port":8545,"network_id":1400,"default_balance_ether":100,"total_accounts":10,"unlocked_accounts":[],"locked":false,"vmErrorsOnRPCResponse":true,"verbose":false,"flavor":"ethereum","db_path":"C:\\Users\\TANISHKA\\AppData\\Roaming\\Ganache\\ui\\workspaces\\vulgar-island\\chaindata","mnemonic":"clip sense agree labor nasty ball message equal card harbor omit rail","logDirectory":"C:\\Users\\TANISHKA\\Desktop\\chennai\\logs"}
[2024/12/16 15:53:30.857] - eth_subscribe
[2024/12/16 15:53:30.858] - eth_getLogs
[2024/12/16 15:53:30.858] - eth_subscribe
[2024/12/16 15:53:30.859] - eth_subscribe
[2024/12/16 15:53:30.859] - eth_getLogs
[2024/12/16 15:53:30.860] - eth_subscribe
[2024/12/16 15:53:30.861] - eth_blockNumber
[2024/12/16 15:53:30.861] - eth_accounts
[2024/12/16 15:53:30.862] - eth_gasPrice
[2024/12/16 15:53:30.864] - eth_accounts
[2024/12/16 15:53:30.871] - eth_getBalance
[2024/12/16 15:53:30.873] - eth_getTransactionCount
[2024/12/16 15:53:30.874] - eth_getBalance
[2024/12/16 15:53:30.874] - eth_getTransactionCount
[2024/12/16 15:53:30.876] - eth_getBalance
[2024/12/16 15:53:30.877] - eth_getTransactionCount
[2024/12/16 15:53:30.878] - eth_getBalance
[2024/12/16 15:53:30.879] - eth_getTransactionCount
[2024/12/16 15:53:30.879] - eth_getBalance
[2024/12/16 15:53:30.880] - eth_getTransactionCount
[2024/12/16 15:53:30.882] - eth_getBalance
[2024/12/16 15:53:30.882] - eth_getTransactionCount
[2024/12/16 15:53:30.883] - eth_getBalance
[2024/12/16 15:53:30.884] - eth_getTransactionCount
[2024/12/16 15:53:30.885] - eth_getBalance
[2024/12/16 15:53:30.887] - eth_getTransactionCount
[2024/12/16 15:53:30.888] - eth_getBalance
[2024/12/16 15:53:30.889] - eth_getTransactionCount
[2024/12/16 15:53:30.890] - eth_getBalance
[2024/12/16 15:53:30.891] - eth_getTransactionCount
[2024/12/16 15:53:30.892] - eth_getBlockByNumber
[2024/12/16 15:53:30.892] - eth_subscribe
[2024/12/16 15:53:30.893] - eth_blockNumber
[2024/12/16 15:53:30.897] - eth_getTransactionCount
[2024/12/16 15:53:30.898] - eth_getBalance
[2024/12/16 15:53:30.898] - eth_getTransactionCount
[2024/12/16 15:53:30.901] - eth_getBalance
[2024/12/16 15:53:30.903] - eth_getTransactionCount
[2024/12/16 15:53:30.906] - eth_getBalance
[2024/12/16 15:53:30.907] - eth_getTransactionCount
[2024/12/16 15:53:30.908] - eth_getBalance
[2024/12/16 15:53:30.910] - eth_getTransactionCount
[2024/12/16 15:53:30.911] - eth_getBalance
[2024/12/16 15:53:30.912] - eth_getTransactionCount
[2024/12/16 15:53:30.913] - eth_getBalance
[2024/12/16 15:53:30.914] - eth_getTransactionCount
[2024/12/16 15:53:30.915] - eth_getBalance
[2024/12/16 15:53:30.916] - eth_getTransactionCount
[2024/12/16 15:53:30.917] - eth_getBalance
[2024/12/16 15:53:30.917] - eth_getTransactionCount
[2024/12/16 15:53:30.919] - eth_getBalance
[2024/12/16 15:53:30.920] - eth_getTransactionCount
[2024/12/16 15:53:30.921] - eth_accounts
[2024/12/16 15:53:30.921] - eth_gasPrice
[2024/12/16 15:53:30.922] - eth_getBlockByNumber
[2024/12/16 15:53:30.922] - eth_subscribe
[2024/12/16 15:53:30.990] - eth_getBalance
[2024/12/16 15:53:30.991] - eth_getTransactionCount
[2024/12/16 15:53:30.991] - eth_getBalance
[2024/12/16 15:53:30.992] - eth_getTransactionCount
[2024/12/16 15:53:30.993] - eth_getBalance
[2024/12/16 15:53:30.994] - eth_getTransactionCount
[2024/12/16 15:53:30.994] - eth_getBalance
[2024/12/16 15:53:30.995] - eth_getTransactionCount
[2024/12/16 15:53:30.996] - eth_getBalance
[2024/12/16 15:53:30.997] - eth_getTransactionCount
[2024/12/16 15:53:30.998] - eth_getBalance
[2024/12/16 15:53:30.999] - eth_getTransactionCount
[2024/12/16 15:53:31.000] - eth_getBalance
[2024/12/16 15:53:31.001] - eth_getTransactionCount
[2024/12/16 15:53:31.002] - eth_getBalance
[2024/12/16 15:53:31.004] - eth_getTransactionCount
[2024/12/16 15:53:31.008] - eth_getBalance
[2024/12/16 15:53:31.009] - eth_getTransactionCount
[2024/12/16 15:53:31.011] - eth_getBalance
[2024/12/16 15:53:31.013] - eth_getTransactionCount
[2024/12/16 15:53:31.056] - eth_getBalance
[2024/12/16 15:53:31.057] - eth_getTransactionCount
[2024/12/16 15:53:42.682] - eth_chainId
[2024/12/16 15:53:44.710] - eth_chainId
[2024/12/16 15:53:45.247] - eth_chainId
[2024/12/16 15:53:45.757] - eth_chainId
[2024/12/16 15:53:45.977] - eth_chainId
[2024/12/16 15:55:46.460] - eth_chainId
[2024/12/16 15:55:46.960] - eth_chainId
[2024/12/16 15:55:46.992] - eth_chainId
[2024/12/16 15:55:47.023] - eth_chainId
[2024/12/16 15:55:47.959] - eth_chainId
[2024/12/16 15:55:48.245] - eth_chainId
[2024/12/16 15:55:48.376] - eth_chainId
[2024/12/16 15:55:48.867] - eth_chainId
[2024/12/16 15:56:08.570] - eth_unsubscribe
[2024/12/16 15:56:08.571] - eth_unsubscribe
