[2024/12/16 18:10:48.923] - Starting server with initial configuration: {"gasLimit":6721975,"gasPrice":20000000000,"hardfork":"merge","hostname":"127.0.0.1","port":7545,"network_id":1400,"default_balance_ether":100,"total_accounts":10,"unlocked_accounts":[],"locked":false,"vmErrorsOnRPCResponse":true,"verbose":false,"flavor":"ethereum","db_path":"C:\\Users\\TANISHKA\\AppData\\Roaming\\Ganache\\ui\\workspaces\\audio_chennai\\chaindata","mnemonic":"clip sense agree labor nasty ball message equal card harbor omit rail","logDirectory":"C:\\Users\\TANISHKA\\Desktop\\chennai\\logs"}
[2024/12/16 18:10:48.994] - eth_subscribe
[2024/12/16 18:10:48.994] - eth_getLogs
[2024/12/16 18:10:48.995] - eth_subscribe
[2024/12/16 18:10:49.005] - eth_subscribe
[2024/12/16 18:10:49.006] - eth_getLogs
[2024/12/16 18:10:49.006] - eth_subscribe
[2024/12/16 18:10:49.030] - eth_getBlockByNumber
[2024/12/16 18:10:49.031] - eth_subscribe
[2024/12/16 18:10:49.041] - eth_blockNumber
[2024/12/16 18:10:49.041] - eth_accounts
[2024/12/16 18:10:49.042] - eth_gasPrice
[2024/12/16 18:10:49.042] - eth_getBlockByNumber
[2024/12/16 18:10:49.042] - eth_subscribe
[2024/12/16 18:10:49.043] - eth_blockNumber
[2024/12/16 18:10:49.044] - eth_accounts
[2024/12/16 18:10:49.044] - eth_gasPrice
[2024/12/16 18:10:49.048] - eth_accounts
[2024/12/16 18:10:49.064] - eth_getBalance
[2024/12/16 18:10:49.066] - eth_getTransactionCount
[2024/12/16 18:10:49.067] - eth_getBalance
[2024/12/16 18:10:49.070] - eth_getTransactionCount
[2024/12/16 18:10:49.072] - eth_getBalance
[2024/12/16 18:10:49.074] - eth_getTransactionCount
[2024/12/16 18:10:49.076] - eth_getBalance
[2024/12/16 18:10:49.078] - eth_getTransactionCount
[2024/12/16 18:10:49.080] - eth_getBalance
[2024/12/16 18:10:49.081] - eth_getTransactionCount
[2024/12/16 18:10:49.084] - eth_getBalance
[2024/12/16 18:10:49.086] - eth_getTransactionCount
[2024/12/16 18:10:49.088] - eth_getBalance
[2024/12/16 18:10:49.090] - eth_getTransactionCount
[2024/12/16 18:10:49.091] - eth_getBalance
[2024/12/16 18:10:49.093] - eth_getTransactionCount
[2024/12/16 18:10:49.095] - eth_getBalance
[2024/12/16 18:10:49.097] - eth_getTransactionCount
[2024/12/16 18:10:49.098] - eth_getBalance
[2024/12/16 18:10:49.100] - eth_getTransactionCount
[2024/12/16 18:10:49.105] - eth_getBalance
[2024/12/16 18:10:49.107] - eth_getTransactionCount
[2024/12/16 18:10:49.109] - eth_getBalance
[2024/12/16 18:10:49.111] - eth_getTransactionCount
[2024/12/16 18:10:49.112] - eth_getBalance
[2024/12/16 18:10:49.115] - eth_getTransactionCount
[2024/12/16 18:10:49.117] - eth_getBalance
[2024/12/16 18:10:49.118] - eth_getTransactionCount
[2024/12/16 18:10:49.120] - eth_getBalance
[2024/12/16 18:10:49.121] - eth_getTransactionCount
[2024/12/16 18:10:49.123] - eth_getBalance
[2024/12/16 18:10:49.125] - eth_getTransactionCount
[2024/12/16 18:10:49.127] - eth_getBalance
[2024/12/16 18:10:49.128] - eth_getTransactionCount
[2024/12/16 18:10:49.130] - eth_getBalance
[2024/12/16 18:10:49.132] - eth_getTransactionCount
[2024/12/16 18:10:49.134] - eth_getBalance
[2024/12/16 18:10:49.136] - eth_getTransactionCount
[2024/12/16 18:10:49.137] - eth_getBalance
[2024/12/16 18:10:49.139] - eth_getTransactionCount
[2024/12/16 18:10:49.141] - eth_getBalance
[2024/12/16 18:10:49.142] - eth_getTransactionCount
[2024/12/16 18:10:49.144] - eth_getBalance
[2024/12/16 18:10:49.146] - eth_getTransactionCount
[2024/12/16 18:10:49.148] - eth_getBalance
[2024/12/16 18:10:49.150] - eth_getTransactionCount
[2024/12/16 18:10:49.151] - eth_getBalance
[2024/12/16 18:10:49.153] - eth_getTransactionCount
[2024/12/16 18:10:49.157] - eth_getBalance
[2024/12/16 18:10:49.159] - eth_getTransactionCount
[2024/12/16 18:10:49.161] - eth_getBalance
[2024/12/16 18:10:49.163] - eth_getTransactionCount
[2024/12/16 18:10:49.165] - eth_getBalance
[2024/12/16 18:10:49.167] - eth_getTransactionCount
[2024/12/16 18:10:49.169] - eth_getBalance
[2024/12/16 18:10:49.171] - eth_getTransactionCount
[2024/12/16 18:10:49.173] - eth_getBalance
[2024/12/16 18:10:49.175] - eth_getTransactionCount
[2024/12/16 18:10:49.177] - eth_getBalance
[2024/12/16 18:10:49.179] - eth_getTransactionCount
[2024/12/16 18:10:49.205] - eth_getTransactionCount
[2024/12/16 18:10:49.207] - eth_getBalance
[2024/12/16 18:10:49.209] - eth_getTransactionCount
[2024/12/16 18:10:49.210] - eth_getBalance
[2024/12/16 18:10:49.212] - eth_getTransactionCount
[2024/12/16 18:10:49.214] - eth_getBalance
[2024/12/16 18:10:49.216] - eth_getTransactionCount
[2024/12/16 18:10:49.218] - eth_getBalance
[2024/12/16 18:10:49.220] - eth_getTransactionCount
[2024/12/16 18:10:49.222] - eth_getBalance
[2024/12/16 18:10:49.224] - eth_getTransactionCount
[2024/12/16 18:10:49.226] - eth_getBalance
[2024/12/16 18:10:49.227] - eth_getTransactionCount
[2024/12/16 18:10:49.229] - eth_getBalance
[2024/12/16 18:10:49.231] - eth_getTransactionCount
[2024/12/16 18:10:49.232] - eth_getBalance
[2024/12/16 18:10:49.234] - eth_getTransactionCount
[2024/12/16 18:10:49.236] - eth_getBalance
[2024/12/16 18:10:49.237] - eth_getTransactionCount
[2024/12/16 18:11:37.188] - eth_blockNumber
[2024/12/16 18:11:37.199] - net_version
[2024/12/16 18:11:37.203] - eth_accounts
[2024/12/16 18:13:51.734] - eth_unsubscribe
[2024/12/16 18:13:51.735] - eth_unsubscribe
