[2024/12/16 21:14:28.225] - Starting server with initial configuration: {"gasLimit":6721975,"gasPrice":20000000000,"hardfork":"merge","hostname":"127.0.0.1","port":8545,"network_id":1400,"default_balance_ether":100,"total_accounts":10,"unlocked_accounts":[],"locked":false,"vmErrorsOnRPCResponse":true,"verbose":false,"flavor":"ethereum","db_path":"C:\\Users\\TANISHKA\\AppData\\Roaming\\Ganache\\ui\\workspaces\\audio_chennai\\chaindata","mnemonic":"clip sense agree labor nasty ball message equal card harbor omit rail","logDirectory":"C:\\Users\\TANISHKA\\Desktop\\chennai\\logs"}
[2024/12/16 21:14:28.309] - eth_subscribe
[2024/12/16 21:14:28.310] - eth_getLogs
[2024/12/16 21:14:28.311] - eth_subscribe
[2024/12/16 21:14:28.324] - eth_subscribe
[2024/12/16 21:14:28.325] - eth_getLogs
[2024/12/16 21:14:28.325] - eth_subscribe
[2024/12/16 21:14:28.356] - eth_subscribe
[2024/12/16 21:14:28.357] - eth_getLogs
[2024/12/16 21:14:28.358] - eth_subscribe
[2024/12/16 21:14:28.377] - eth_blockNumber
[2024/12/16 21:14:28.378] - eth_accounts
[2024/12/16 21:14:28.378] - eth_gasPrice
[2024/12/16 21:14:28.379] - eth_getBlockByNumber
[2024/12/16 21:14:28.386] - eth_accounts
[2024/12/16 21:14:28.399] - eth_getBalance
[2024/12/16 21:14:28.401] - eth_getTransactionCount
[2024/12/16 21:14:28.404] - eth_getBalance
[2024/12/16 21:14:28.406] - eth_getTransactionCount
[2024/12/16 21:14:28.409] - eth_getBalance
[2024/12/16 21:14:28.410] - eth_getTransactionCount
[2024/12/16 21:14:28.413] - eth_getBalance
[2024/12/16 21:14:28.415] - eth_getTransactionCount
[2024/12/16 21:14:28.417] - eth_getBalance
[2024/12/16 21:14:28.419] - eth_getTransactionCount
[2024/12/16 21:14:28.422] - eth_getBalance
[2024/12/16 21:14:28.424] - eth_getTransactionCount
[2024/12/16 21:14:28.426] - eth_getBalance
[2024/12/16 21:14:28.429] - eth_getTransactionCount
[2024/12/16 21:14:28.431] - eth_getBalance
[2024/12/16 21:14:28.434] - eth_getTransactionCount
[2024/12/16 21:14:28.437] - eth_getBalance
[2024/12/16 21:14:28.439] - eth_getTransactionCount
[2024/12/16 21:14:28.440] - eth_getBalance
[2024/12/16 21:14:28.442] - eth_getTransactionCount
[2024/12/16 21:14:28.444] - eth_subscribe
[2024/12/16 21:14:28.445] - eth_blockNumber
[2024/12/16 21:14:28.446] - eth_accounts
[2024/12/16 21:14:28.449] - eth_gasPrice
[2024/12/16 21:14:28.450] - eth_getBlockByNumber
[2024/12/16 21:14:28.450] - eth_subscribe
[2024/12/16 21:14:28.462] - eth_getTransactionCount
[2024/12/16 21:14:28.464] - eth_getBalance
[2024/12/16 21:14:28.466] - eth_getTransactionCount
[2024/12/16 21:14:28.467] - eth_getBalance
[2024/12/16 21:14:28.469] - eth_getTransactionCount
[2024/12/16 21:14:28.470] - eth_getBalance
[2024/12/16 21:14:28.472] - eth_getTransactionCount
[2024/12/16 21:14:28.475] - eth_getBalance
[2024/12/16 21:14:28.478] - eth_getTransactionCount
[2024/12/16 21:14:28.480] - eth_getBalance
[2024/12/16 21:14:28.482] - eth_getTransactionCount
[2024/12/16 21:14:28.484] - eth_getBalance
[2024/12/16 21:14:28.485] - eth_getTransactionCount
[2024/12/16 21:14:28.488] - eth_getBalance
[2024/12/16 21:14:28.490] - eth_getTransactionCount
[2024/12/16 21:14:28.492] - eth_getBalance
[2024/12/16 21:14:28.493] - eth_getTransactionCount
[2024/12/16 21:14:28.495] - eth_getBalance
[2024/12/16 21:14:28.497] - eth_getTransactionCount
[2024/12/16 21:14:28.502] - eth_blockNumber
[2024/12/16 21:14:28.503] - eth_accounts
[2024/12/16 21:14:28.504] - eth_gasPrice
[2024/12/16 21:14:28.504] - eth_getBlockByNumber
[2024/12/16 21:14:28.504] - eth_subscribe
[2024/12/16 21:14:28.542] - eth_getBalance
[2024/12/16 21:14:28.544] - eth_getTransactionCount
[2024/12/16 21:14:28.545] - eth_getBalance
[2024/12/16 21:14:28.547] - eth_getTransactionCount
[2024/12/16 21:14:28.549] - eth_getBalance
[2024/12/16 21:14:28.550] - eth_getTransactionCount
[2024/12/16 21:14:28.552] - eth_getBalance
[2024/12/16 21:14:28.554] - eth_getTransactionCount
[2024/12/16 21:14:28.555] - eth_getBalance
[2024/12/16 21:14:28.557] - eth_getTransactionCount
[2024/12/16 21:14:28.559] - eth_getBalance
[2024/12/16 21:14:28.560] - eth_getTransactionCount
[2024/12/16 21:14:28.562] - eth_getBalance
[2024/12/16 21:14:28.564] - eth_getTransactionCount
[2024/12/16 21:14:28.566] - eth_getBalance
[2024/12/16 21:14:28.568] - eth_getTransactionCount
[2024/12/16 21:14:28.569] - eth_getBalance
[2024/12/16 21:14:28.571] - eth_getTransactionCount
[2024/12/16 21:14:28.573] - eth_getBalance
[2024/12/16 21:14:28.576] - eth_getTransactionCount
[2024/12/16 21:14:28.578] - eth_getBalance
[2024/12/16 21:14:28.580] - eth_getTransactionCount
[2024/12/16 21:14:28.582] - eth_getBalance
[2024/12/16 21:14:28.584] - eth_getTransactionCount
[2024/12/16 21:14:28.586] - eth_getBalance
[2024/12/16 21:14:28.587] - eth_getTransactionCount
[2024/12/16 21:14:28.589] - eth_getBalance
[2024/12/16 21:14:28.590] - eth_getTransactionCount
[2024/12/16 21:14:28.592] - eth_getBalance
[2024/12/16 21:14:28.594] - eth_getTransactionCount
[2024/12/16 21:14:28.596] - eth_getBalance
[2024/12/16 21:14:28.598] - eth_getTransactionCount
[2024/12/16 21:14:28.600] - eth_getBalance
[2024/12/16 21:14:28.602] - eth_getTransactionCount
[2024/12/16 21:14:28.604] - eth_getBalance
[2024/12/16 21:14:28.607] - eth_getTransactionCount
[2024/12/16 21:14:28.609] - eth_getBalance
[2024/12/16 21:14:28.611] - eth_getTransactionCount
[2024/12/16 21:14:28.614] - eth_getBalance
[2024/12/16 21:14:28.615] - eth_getTransactionCount
[2024/12/16 21:14:28.724] - eth_getBalance
[2024/12/16 21:14:28.729] - eth_getTransactionCount
[2024/12/16 21:14:28.731] - eth_getBalance
[2024/12/16 21:14:28.734] - eth_getTransactionCount
[2024/12/16 21:14:28.736] - eth_getBalance
[2024/12/16 21:14:28.738] - eth_getTransactionCount
[2024/12/16 21:14:28.740] - eth_getBalance
[2024/12/16 21:14:28.742] - eth_getTransactionCount
[2024/12/16 21:14:28.745] - eth_getBalance
[2024/12/16 21:14:28.748] - eth_getTransactionCount
[2024/12/16 21:14:28.749] - eth_getBalance
[2024/12/16 21:14:28.752] - eth_getTransactionCount
[2024/12/16 21:14:28.754] - eth_getBalance
[2024/12/16 21:14:28.757] - eth_getTransactionCount
[2024/12/16 21:14:28.762] - eth_getBalance
[2024/12/16 21:14:28.765] - eth_getTransactionCount
[2024/12/16 21:14:28.768] - eth_getBalance
[2024/12/16 21:14:28.771] - eth_getTransactionCount
[2024/12/16 21:14:28.774] - eth_getBalance
[2024/12/16 21:14:28.777] - eth_getTransactionCount
[2024/12/16 21:14:28.795] - eth_getBalance
[2024/12/16 21:14:28.799] - eth_getTransactionCount
[2024/12/16 21:14:28.801] - eth_getBalance
[2024/12/16 21:14:28.803] - eth_getTransactionCount
[2024/12/16 21:14:28.806] - eth_getBalance
[2024/12/16 21:14:28.808] - eth_getTransactionCount
[2024/12/16 21:14:28.810] - eth_getBalance
[2024/12/16 21:14:28.813] - eth_getTransactionCount
[2024/12/16 21:14:28.815] - eth_getBalance
[2024/12/16 21:14:28.816] - eth_getTransactionCount
[2024/12/16 21:14:28.818] - eth_getBalance
[2024/12/16 21:14:28.820] - eth_getTransactionCount
[2024/12/16 21:14:28.822] - eth_getBalance
[2024/12/16 21:14:28.826] - eth_getTransactionCount
[2024/12/16 21:14:28.828] - eth_getBalance
[2024/12/16 21:14:28.830] - eth_getTransactionCount
[2024/12/16 21:14:28.832] - eth_getBalance
[2024/12/16 21:14:28.834] - eth_getTransactionCount
[2024/12/16 21:14:28.836] - eth_getBalance
[2024/12/16 21:14:28.838] - eth_getTransactionCount
[2024/12/16 21:15:25.173] - eth_unsubscribe
[2024/12/16 21:15:25.174] - eth_unsubscribe
