[2024/12/16 16:00:32.846] - Starting server with initial configuration: {"gasLimit":6721975,"gasPrice":20000000000,"hardfork":"merge","hostname":"127.0.0.1","port":7545,"network_id":1400,"default_balance_ether":100,"total_accounts":10,"unlocked_accounts":[],"locked":false,"vmErrorsOnRPCResponse":true,"verbose":false,"flavor":"ethereum","db_path":"C:\\Users\\TANISHKA\\AppData\\Roaming\\Ganache\\ui\\workspaces\\audio_chennai\\chaindata","mnemonic":"clip sense agree labor nasty ball message equal card harbor omit rail","logDirectory":"C:\\Users\\TANISHKA\\Desktop\\chennai\\logs"}
[2024/12/16 16:00:32.927] - eth_subscribe
[2024/12/16 16:00:32.927] - eth_getLogs
[2024/12/16 16:00:32.928] - eth_subscribe
[2024/12/16 16:00:32.937] - eth_subscribe
[2024/12/16 16:00:32.938] - eth_getLogs
[2024/12/16 16:00:32.938] - eth_subscribe
[2024/12/16 16:00:32.958] - eth_blockNumber
[2024/12/16 16:00:32.959] - eth_accounts
[2024/12/16 16:00:32.959] - eth_gasPrice
[2024/12/16 16:00:32.965] - eth_accounts
[2024/12/16 16:00:32.974] - eth_getBalance
[2024/12/16 16:00:32.976] - eth_getTransactionCount
[2024/12/16 16:00:32.978] - eth_getBalance
[2024/12/16 16:00:32.979] - eth_getTransactionCount
[2024/12/16 16:00:32.981] - eth_getBalance
[2024/12/16 16:00:32.982] - eth_getTransactionCount
[2024/12/16 16:00:32.983] - eth_getBalance
[2024/12/16 16:00:32.984] - eth_getTransactionCount
[2024/12/16 16:00:32.984] - eth_getBalance
[2024/12/16 16:00:32.986] - eth_getTransactionCount
[2024/12/16 16:00:32.987] - eth_getBalance
[2024/12/16 16:00:32.988] - eth_getTransactionCount
[2024/12/16 16:00:32.990] - eth_getBalance
[2024/12/16 16:00:32.993] - eth_getTransactionCount
[2024/12/16 16:00:32.994] - eth_getBalance
[2024/12/16 16:00:32.997] - eth_getTransactionCount
[2024/12/16 16:00:33.000] - eth_getBalance
[2024/12/16 16:00:33.001] - eth_getTransactionCount
[2024/12/16 16:00:33.002] - eth_getBalance
[2024/12/16 16:00:33.002] - eth_getTransactionCount
[2024/12/16 16:00:33.003] - eth_getBlockByNumber
[2024/12/16 16:00:33.004] - eth_subscribe
[2024/12/16 16:00:33.005] - eth_blockNumber
[2024/12/16 16:00:33.010] - eth_getTransactionCount
[2024/12/16 16:00:33.011] - eth_getBalance
[2024/12/16 16:00:33.011] - eth_getTransactionCount
[2024/12/16 16:00:33.013] - eth_getBalance
[2024/12/16 16:00:33.014] - eth_getTransactionCount
[2024/12/16 16:00:33.015] - eth_getBalance
[2024/12/16 16:00:33.016] - eth_getTransactionCount
[2024/12/16 16:00:33.016] - eth_getBalance
[2024/12/16 16:00:33.017] - eth_getTransactionCount
[2024/12/16 16:00:33.018] - eth_getBalance
[2024/12/16 16:00:33.019] - eth_getTransactionCount
[2024/12/16 16:00:33.020] - eth_getBalance
[2024/12/16 16:00:33.021] - eth_getTransactionCount
[2024/12/16 16:00:33.022] - eth_getBalance
[2024/12/16 16:00:33.023] - eth_getTransactionCount
[2024/12/16 16:00:33.025] - eth_getBalance
[2024/12/16 16:00:33.026] - eth_getTransactionCount
[2024/12/16 16:00:33.027] - eth_getBalance
[2024/12/16 16:00:33.028] - eth_getTransactionCount
[2024/12/16 16:00:33.029] - eth_accounts
[2024/12/16 16:00:33.030] - eth_gasPrice
[2024/12/16 16:00:33.031] - eth_getBlockByNumber
[2024/12/16 16:00:33.035] - eth_subscribe
[2024/12/16 16:00:33.113] - eth_getBalance
[2024/12/16 16:00:33.114] - eth_getTransactionCount
[2024/12/16 16:00:33.114] - eth_getBalance
[2024/12/16 16:00:33.116] - eth_getTransactionCount
[2024/12/16 16:00:33.116] - eth_getBalance
[2024/12/16 16:00:33.117] - eth_getTransactionCount
[2024/12/16 16:00:33.118] - eth_getBalance
[2024/12/16 16:00:33.119] - eth_getTransactionCount
[2024/12/16 16:00:33.120] - eth_getBalance
[2024/12/16 16:00:33.121] - eth_getTransactionCount
[2024/12/16 16:00:33.122] - eth_getBalance
[2024/12/16 16:00:33.123] - eth_getTransactionCount
[2024/12/16 16:00:33.125] - eth_getBalance
[2024/12/16 16:00:33.126] - eth_getTransactionCount
[2024/12/16 16:00:33.127] - eth_getBalance
[2024/12/16 16:00:33.128] - eth_getTransactionCount
[2024/12/16 16:00:33.130] - eth_getBalance
[2024/12/16 16:00:33.130] - eth_getTransactionCount
[2024/12/16 16:00:33.131] - eth_getBalance
[2024/12/16 16:00:33.134] - eth_getTransactionCount
[2024/12/16 16:00:33.178] - eth_getBalance
[2024/12/16 16:00:33.179] - eth_getBalance
[2024/12/16 16:00:33.180] - eth_getTransactionCount
[2024/12/16 16:00:36.851] - eth_unsubscribe
[2024/12/16 16:00:36.852] - eth_unsubscribe
