[2024/12/16 16:05:26.277] - Starting server with initial configuration: {"gasLimit":6721975,"gasPrice":20000000000,"hardfork":"merge","hostname":"127.0.0.1","port":7545,"network_id":1400,"default_balance_ether":100,"total_accounts":10,"unlocked_accounts":[],"locked":false,"vmErrorsOnRPCResponse":true,"verbose":false,"flavor":"ethereum","db_path":"C:\\Users\\TANISHKA\\AppData\\Roaming\\Ganache\\ui\\workspaces\\audio_chennai\\chaindata","mnemonic":"clip sense agree labor nasty ball message equal card harbor omit rail","logDirectory":"C:\\Users\\TANISHKA\\Desktop\\chennai\\logs"}
[2024/12/16 16:05:26.379] - eth_subscribe
[2024/12/16 16:05:26.381] - eth_getLogs
[2024/12/16 16:05:26.382] - eth_subscribe
[2024/12/16 16:05:26.383] - eth_subscribe
[2024/12/16 16:05:26.383] - eth_getLogs
[2024/12/16 16:05:26.384] - eth_subscribe
[2024/12/16 16:05:26.435] - eth_blockNumber
[2024/12/16 16:05:26.437] - eth_accounts
[2024/12/16 16:05:26.437] - eth_gasPrice
[2024/12/16 16:05:26.438] - eth_getBlockByNumber
[2024/12/16 16:05:26.438] - eth_subscribe
[2024/12/16 16:05:26.439] - eth_blockNumber
[2024/12/16 16:05:26.440] - eth_accounts
[2024/12/16 16:05:26.440] - eth_gasPrice
[2024/12/16 16:05:26.441] - eth_getBlockByNumber
[2024/12/16 16:05:26.441] - eth_subscribe
[2024/12/16 16:05:26.448] - eth_accounts
[2024/12/16 16:05:26.471] - eth_getBalance
[2024/12/16 16:05:26.474] - eth_getTransactionCount
[2024/12/16 16:05:26.476] - eth_getBalance
[2024/12/16 16:05:26.478] - eth_getTransactionCount
[2024/12/16 16:05:26.481] - eth_getBalance
[2024/12/16 16:05:26.484] - eth_getTransactionCount
[2024/12/16 16:05:26.486] - eth_getBalance
[2024/12/16 16:05:26.488] - eth_getTransactionCount
[2024/12/16 16:05:26.491] - eth_getBalance
[2024/12/16 16:05:26.494] - eth_getTransactionCount
[2024/12/16 16:05:26.499] - eth_getBalance
[2024/12/16 16:05:26.501] - eth_getTransactionCount
[2024/12/16 16:05:26.502] - eth_getBalance
[2024/12/16 16:05:26.505] - eth_getTransactionCount
[2024/12/16 16:05:26.507] - eth_getBalance
[2024/12/16 16:05:26.511] - eth_getTransactionCount
[2024/12/16 16:05:26.513] - eth_getBalance
[2024/12/16 16:05:26.515] - eth_getTransactionCount
[2024/12/16 16:05:26.517] - eth_getBalance
[2024/12/16 16:05:26.519] - eth_getTransactionCount
[2024/12/16 16:05:26.524] - eth_getBalance
[2024/12/16 16:05:26.527] - eth_getTransactionCount
[2024/12/16 16:05:26.529] - eth_getBalance
[2024/12/16 16:05:26.531] - eth_getTransactionCount
[2024/12/16 16:05:26.533] - eth_getBalance
[2024/12/16 16:05:26.535] - eth_getTransactionCount
[2024/12/16 16:05:26.536] - eth_getBalance
[2024/12/16 16:05:26.537] - eth_getTransactionCount
[2024/12/16 16:05:26.539] - eth_getBalance
[2024/12/16 16:05:26.540] - eth_getTransactionCount
[2024/12/16 16:05:26.541] - eth_getBalance
[2024/12/16 16:05:26.544] - eth_getTransactionCount
[2024/12/16 16:05:26.546] - eth_getBalance
[2024/12/16 16:05:26.548] - eth_getTransactionCount
[2024/12/16 16:05:26.549] - eth_getBalance
[2024/12/16 16:05:26.551] - eth_getTransactionCount
[2024/12/16 16:05:26.552] - eth_getBalance
[2024/12/16 16:05:26.554] - eth_getTransactionCount
[2024/12/16 16:05:26.555] - eth_getBalance
[2024/12/16 16:05:26.556] - eth_getTransactionCount
[2024/12/16 16:05:26.558] - eth_getBalance
[2024/12/16 16:05:26.559] - eth_getTransactionCount
[2024/12/16 16:05:26.560] - eth_getBalance
[2024/12/16 16:05:26.561] - eth_getTransactionCount
[2024/12/16 16:05:26.562] - eth_getBalance
[2024/12/16 16:05:26.563] - eth_getTransactionCount
[2024/12/16 16:05:26.564] - eth_getBalance
[2024/12/16 16:05:26.564] - eth_getTransactionCount
[2024/12/16 16:05:26.566] - eth_getBalance
[2024/12/16 16:05:26.568] - eth_getTransactionCount
[2024/12/16 16:05:26.569] - eth_getBalance
[2024/12/16 16:05:26.571] - eth_getTransactionCount
[2024/12/16 16:05:26.572] - eth_getBalance
[2024/12/16 16:05:26.573] - eth_getTransactionCount
[2024/12/16 16:05:26.574] - eth_getBalance
[2024/12/16 16:05:26.576] - eth_getTransactionCount
[2024/12/16 16:05:26.578] - eth_getBalance
[2024/12/16 16:05:26.579] - eth_getTransactionCount
[2024/12/16 16:05:26.580] - eth_getBalance
[2024/12/16 16:05:26.584] - eth_getTransactionCount
[2024/12/16 16:05:26.610] - eth_getBalance
[2024/12/16 16:05:26.613] - eth_getTransactionCount
[2024/12/16 16:05:26.616] - eth_getBalance
[2024/12/16 16:05:26.619] - eth_getTransactionCount
[2024/12/16 16:05:26.621] - eth_getBalance
[2024/12/16 16:05:26.622] - eth_getTransactionCount
[2024/12/16 16:05:26.623] - eth_getBalance
[2024/12/16 16:05:26.625] - eth_getTransactionCount
[2024/12/16 16:05:26.625] - eth_getBalance
[2024/12/16 16:05:26.626] - eth_getTransactionCount
[2024/12/16 16:05:26.627] - eth_getBalance
[2024/12/16 16:05:26.629] - eth_getTransactionCount
[2024/12/16 16:05:26.630] - eth_getBalance
[2024/12/16 16:05:26.631] - eth_getTransactionCount
[2024/12/16 16:05:26.632] - eth_getBalance
[2024/12/16 16:05:26.633] - eth_getTransactionCount
[2024/12/16 16:05:26.633] - eth_getBalance
[2024/12/16 16:05:26.635] - eth_getTransactionCount
[2024/12/16 16:05:26.636] - eth_getBalance
[2024/12/16 16:05:26.637] - eth_getTransactionCount
[2024/12/16 16:05:49.001] - eth_blockNumber
[2024/12/16 16:06:09.024] - eth_blockNumber
[2024/12/16 16:06:29.046] - eth_blockNumber
[2024/12/16 16:18:22.452] - eth_unsubscribe
[2024/12/16 16:18:22.453] - eth_unsubscribe
