[2024/12/16 15:58:24.235] - Starting server with initial configuration: {"gasLimit":6721975,"gasPrice":20000000000,"hardfork":"merge","hostname":"127.0.0.1","port":7545,"network_id":1400,"default_balance_ether":100,"total_accounts":10,"unlocked_accounts":[],"locked":false,"vmErrorsOnRPCResponse":true,"verbose":false,"flavor":"ethereum","db_path":"C:\\Users\\TANISHKA\\AppData\\Roaming\\Ganache\\ui\\workspaces\\audio_chennai\\chaindata","mnemonic":"clip sense agree labor nasty ball message equal card harbor omit rail","logDirectory":"C:\\Users\\TANISHKA\\Desktop\\chennai\\logs"}
[2024/12/16 15:58:24.314] - eth_subscribe
[2024/12/16 15:58:24.315] - eth_getLogs
[2024/12/16 15:58:24.315] - eth_subscribe
[2024/12/16 15:58:24.330] - eth_subscribe
[2024/12/16 15:58:24.332] - eth_getLogs
[2024/12/16 15:58:24.333] - eth_subscribe
[2024/12/16 15:58:24.334] - eth_blockNumber
[2024/12/16 15:58:24.334] - eth_accounts
[2024/12/16 15:58:24.334] - eth_gasPrice
[2024/12/16 15:58:24.335] - eth_getBlockByNumber
[2024/12/16 15:58:24.335] - eth_subscribe
[2024/12/16 15:58:24.336] - eth_blockNumber
[2024/12/16 15:58:24.336] - eth_accounts
[2024/12/16 15:58:24.345] - eth_getBalance
[2024/12/16 15:58:24.347] - eth_getTransactionCount
[2024/12/16 15:58:24.348] - eth_getBalance
[2024/12/16 15:58:24.349] - eth_getTransactionCount
[2024/12/16 15:58:24.350] - eth_getBalance
[2024/12/16 15:58:24.352] - eth_getTransactionCount
[2024/12/16 15:58:24.353] - eth_getBalance
[2024/12/16 15:58:24.354] - eth_getTransactionCount
[2024/12/16 15:58:24.356] - eth_getBalance
[2024/12/16 15:58:24.357] - eth_getTransactionCount
[2024/12/16 15:58:24.359] - eth_getBalance
[2024/12/16 15:58:24.361] - eth_getTransactionCount
[2024/12/16 15:58:24.363] - eth_getBalance
[2024/12/16 15:58:24.364] - eth_getTransactionCount
[2024/12/16 15:58:24.365] - eth_getBalance
[2024/12/16 15:58:24.366] - eth_getTransactionCount
[2024/12/16 15:58:24.367] - eth_getBalance
[2024/12/16 15:58:24.369] - eth_getTransactionCount
[2024/12/16 15:58:24.370] - eth_getBalance
[2024/12/16 15:58:24.371] - eth_getTransactionCount
[2024/12/16 15:58:24.372] - eth_getBalance
[2024/12/16 15:58:24.373] - eth_getTransactionCount
[2024/12/16 15:58:24.374] - eth_getBalance
[2024/12/16 15:58:24.375] - eth_getTransactionCount
[2024/12/16 15:58:24.375] - eth_getBalance
[2024/12/16 15:58:24.376] - eth_getTransactionCount
[2024/12/16 15:58:24.378] - eth_getBalance
[2024/12/16 15:58:24.379] - eth_getTransactionCount
[2024/12/16 15:58:24.380] - eth_getBalance
[2024/12/16 15:58:24.381] - eth_getTransactionCount
[2024/12/16 15:58:24.383] - eth_getBalance
[2024/12/16 15:58:24.384] - eth_getTransactionCount
[2024/12/16 15:58:24.385] - eth_getBalance
[2024/12/16 15:58:24.386] - eth_getTransactionCount
[2024/12/16 15:58:24.387] - eth_getBalance
[2024/12/16 15:58:24.388] - eth_getTransactionCount
[2024/12/16 15:58:24.389] - eth_getBalance
[2024/12/16 15:58:24.390] - eth_getTransactionCount
[2024/12/16 15:58:24.391] - eth_getBalance
[2024/12/16 15:58:24.393] - eth_getTransactionCount
[2024/12/16 15:58:24.403] - eth_getBalance
[2024/12/16 15:58:24.404] - eth_getTransactionCount
[2024/12/16 15:58:24.404] - eth_getBalance
[2024/12/16 15:58:24.406] - eth_getTransactionCount
[2024/12/16 15:58:24.406] - eth_getBalance
[2024/12/16 15:58:24.407] - eth_getTransactionCount
[2024/12/16 15:58:24.408] - eth_getBalance
[2024/12/16 15:58:24.411] - eth_getTransactionCount
[2024/12/16 15:58:24.412] - eth_getBalance
[2024/12/16 15:58:24.413] - eth_getTransactionCount
[2024/12/16 15:58:24.414] - eth_getBalance
[2024/12/16 15:58:24.415] - eth_getTransactionCount
[2024/12/16 15:58:24.415] - eth_getBalance
[2024/12/16 15:58:24.416] - eth_getTransactionCount
[2024/12/16 15:58:24.417] - eth_getBalance
[2024/12/16 15:58:24.418] - eth_getTransactionCount
[2024/12/16 15:58:24.419] - eth_getBalance
[2024/12/16 15:58:24.420] - eth_getTransactionCount
[2024/12/16 15:58:24.421] - eth_getBalance
[2024/12/16 15:58:24.422] - eth_getTransactionCount
[2024/12/16 15:58:24.424] - eth_getBalance
[2024/12/16 15:58:24.425] - eth_getTransactionCount
[2024/12/16 15:58:24.427] - eth_getBalance
[2024/12/16 15:58:24.429] - eth_getTransactionCount
[2024/12/16 15:58:24.430] - eth_getBalance
[2024/12/16 15:58:24.431] - eth_getTransactionCount
[2024/12/16 15:58:24.432] - eth_getBalance
[2024/12/16 15:58:24.433] - eth_getTransactionCount
[2024/12/16 15:58:24.434] - eth_getBalance
[2024/12/16 15:58:24.435] - eth_getTransactionCount
[2024/12/16 15:58:24.436] - eth_getBalance
[2024/12/16 15:58:24.437] - eth_getTransactionCount
[2024/12/16 15:58:24.438] - eth_getBalance
[2024/12/16 15:58:24.439] - eth_getTransactionCount
[2024/12/16 15:58:24.440] - eth_getBalance
[2024/12/16 15:58:24.441] - eth_getTransactionCount
[2024/12/16 15:58:24.442] - eth_getBalance
[2024/12/16 15:58:24.443] - eth_getTransactionCount
[2024/12/16 15:58:24.443] - eth_getBalance
[2024/12/16 15:58:24.444] - eth_getTransactionCount
[2024/12/16 15:58:24.449] - eth_gasPrice
[2024/12/16 15:58:24.450] - eth_getBlockByNumber
[2024/12/16 15:58:24.450] - eth_subscribe
[2024/12/16 15:59:02.793] - eth_chainId
[2024/12/16 15:59:07.016] - eth_chainId
[2024/12/16 15:59:07.025] - eth_chainId
[2024/12/16 15:59:07.955] - eth_chainId
[2024/12/16 15:59:08.116] - eth_chainId
[2024/12/16 15:59:08.570] - eth_chainId
[2024/12/16 15:59:11.612] - eth_chainId
[2024/12/16 15:59:11.992] - eth_chainId
[2024/12/16 15:59:13.714] - eth_chainId
[2024/12/16 15:59:15.831] - eth_chainId
[2024/12/16 15:59:16.008] - eth_chainId
[2024/12/16 15:59:16.154] - eth_chainId
[2024/12/16 15:59:16.431] - eth_chainId
[2024/12/16 15:59:17.487] - eth_chainId
[2024/12/16 15:59:17.841] - eth_chainId
[2024/12/16 15:59:18.031] - eth_chainId
[2024/12/16 15:59:18.162] - eth_chainId
[2024/12/16 16:00:32.776] - eth_unsubscribe
[2024/12/16 16:00:32.776] - eth_unsubscribe
