[2024/12/16 17:50:56.077] - Starting server with initial configuration: {"gasLimit":6721975,"gasPrice":20000000000,"hardfork":"merge","hostname":"127.0.0.1","port":7545,"network_id":5777,"default_balance_ether":100,"total_accounts":10,"unlocked_accounts":[],"locked":false,"vmErrorsOnRPCResponse":true,"verbose":false,"flavor":"ethereum","db_path":"C:\\Users\\TANISHKA\\AppData\\Roaming\\Ganache\\ui\\workspaces\\audio_chennai\\chaindata","mnemonic":"clip sense agree labor nasty ball message equal card harbor omit rail","logDirectory":"C:\\Users\\TANISHKA\\Desktop\\chennai\\logs"}
[2024/12/16 17:50:56.172] - eth_subscribe
[2024/12/16 17:50:56.172] - eth_getLogs
[2024/12/16 17:50:56.173] - eth_subscribe
[2024/12/16 17:50:56.187] - eth_subscribe
[2024/12/16 17:50:56.187] - eth_getLogs
[2024/12/16 17:50:56.188] - eth_subscribe
[2024/12/16 17:50:56.200] - eth_blockNumber
[2024/12/16 17:50:56.201] - eth_accounts
[2024/12/16 17:50:56.201] - eth_gasPrice
[2024/12/16 17:50:56.202] - eth_getBlockByNumber
[2024/12/16 17:50:56.202] - eth_subscribe
[2024/12/16 17:50:56.210] - eth_accounts
[2024/12/16 17:50:56.225] - eth_getBalance
[2024/12/16 17:50:56.227] - eth_getTransactionCount
[2024/12/16 17:50:56.229] - eth_getBalance
[2024/12/16 17:50:56.232] - eth_getTransactionCount
[2024/12/16 17:50:56.234] - eth_getBalance
[2024/12/16 17:50:56.236] - eth_getTransactionCount
[2024/12/16 17:50:56.238] - eth_getBalance
[2024/12/16 17:50:56.241] - eth_getTransactionCount
[2024/12/16 17:50:56.242] - eth_getBalance
[2024/12/16 17:50:56.244] - eth_getTransactionCount
[2024/12/16 17:50:56.247] - eth_getBalance
[2024/12/16 17:50:56.249] - eth_getTransactionCount
[2024/12/16 17:50:56.251] - eth_getBalance
[2024/12/16 17:50:56.252] - eth_getTransactionCount
[2024/12/16 17:50:56.254] - eth_getBalance
[2024/12/16 17:50:56.256] - eth_getTransactionCount
[2024/12/16 17:50:56.259] - eth_getBalance
[2024/12/16 17:50:56.260] - eth_getTransactionCount
[2024/12/16 17:50:56.262] - eth_getBalance
[2024/12/16 17:50:56.266] - eth_getTransactionCount
[2024/12/16 17:50:56.268] - eth_blockNumber
[2024/12/16 17:50:56.269] - eth_accounts
[2024/12/16 17:50:56.269] - eth_gasPrice
[2024/12/16 17:50:56.274] - eth_getBlockByNumber
[2024/12/16 17:50:56.274] - eth_subscribe
[2024/12/16 17:50:56.288] - eth_getTransactionCount
[2024/12/16 17:50:56.289] - eth_getBalance
[2024/12/16 17:50:56.291] - eth_getTransactionCount
[2024/12/16 17:50:56.293] - eth_getBalance
[2024/12/16 17:50:56.295] - eth_getTransactionCount
[2024/12/16 17:50:56.297] - eth_getBalance
[2024/12/16 17:50:56.298] - eth_getTransactionCount
[2024/12/16 17:50:56.300] - eth_getBalance
[2024/12/16 17:50:56.302] - eth_getTransactionCount
[2024/12/16 17:50:56.305] - eth_getBalance
[2024/12/16 17:50:56.307] - eth_getTransactionCount
[2024/12/16 17:50:56.309] - eth_getBalance
[2024/12/16 17:50:56.311] - eth_getTransactionCount
[2024/12/16 17:50:56.312] - eth_getBalance
[2024/12/16 17:50:56.314] - eth_getTransactionCount
[2024/12/16 17:50:56.316] - eth_getBalance
[2024/12/16 17:50:56.318] - eth_getTransactionCount
[2024/12/16 17:50:56.320] - eth_getBalance
[2024/12/16 17:50:56.322] - eth_getTransactionCount
[2024/12/16 17:50:56.449] - eth_getBalance
[2024/12/16 17:50:56.451] - eth_getTransactionCount
[2024/12/16 17:50:56.453] - eth_getBalance
[2024/12/16 17:50:56.455] - eth_getTransactionCount
[2024/12/16 17:50:56.457] - eth_getBalance
[2024/12/16 17:50:56.458] - eth_getTransactionCount
[2024/12/16 17:50:56.460] - eth_getBalance
[2024/12/16 17:50:56.462] - eth_getTransactionCount
[2024/12/16 17:50:56.464] - eth_getBalance
[2024/12/16 17:50:56.466] - eth_getTransactionCount
[2024/12/16 17:50:56.468] - eth_getBalance
[2024/12/16 17:50:56.470] - eth_getTransactionCount
[2024/12/16 17:50:56.474] - eth_getBalance
[2024/12/16 17:50:56.476] - eth_getTransactionCount
[2024/12/16 17:50:56.477] - eth_getBalance
[2024/12/16 17:50:56.479] - eth_getTransactionCount
[2024/12/16 17:50:56.481] - eth_getBalance
[2024/12/16 17:50:56.483] - eth_getTransactionCount
[2024/12/16 17:50:56.486] - eth_getBalance
[2024/12/16 17:50:56.487] - eth_getTransactionCount
[2024/12/16 17:50:56.489] - eth_getBalance
[2024/12/16 17:50:56.491] - eth_getTransactionCount
[2024/12/16 17:50:56.493] - eth_getBalance
[2024/12/16 17:50:56.495] - eth_getTransactionCount
[2024/12/16 17:50:56.497] - eth_getBalance
[2024/12/16 17:50:56.500] - eth_getTransactionCount
[2024/12/16 17:50:56.502] - eth_getBalance
[2024/12/16 17:50:56.505] - eth_getTransactionCount
[2024/12/16 17:50:56.506] - eth_getBalance
[2024/12/16 17:50:56.508] - eth_getTransactionCount
[2024/12/16 17:50:56.510] - eth_getBalance
[2024/12/16 17:50:56.512] - eth_getTransactionCount
[2024/12/16 17:50:56.514] - eth_getBalance
[2024/12/16 17:50:56.516] - eth_getTransactionCount
[2024/12/16 17:50:56.517] - eth_getBalance
[2024/12/16 17:50:56.519] - eth_getTransactionCount
[2024/12/16 17:50:56.521] - eth_getBalance
[2024/12/16 17:50:56.523] - eth_getTransactionCount
[2024/12/16 17:50:56.526] - eth_getBalance
[2024/12/16 17:50:56.528] - eth_getTransactionCount
[2024/12/16 17:51:16.170] - eth_unsubscribe
[2024/12/16 17:51:16.171] - eth_unsubscribe
