[2024/12/16 15:49:22.187] - Starting server with initial configuration: {"gasLimit":6721975,"gasPrice":20000000000,"hardfork":"merge","hostname":"127.0.0.1","port":7545,"network_id":5777,"default_balance_ether":100,"total_accounts":10,"unlocked_accounts":[],"locked":false,"vmErrorsOnRPCResponse":true,"verbose":false,"flavor":"ethereum","db_path":"C:\\Users\\TANISHKA\\AppData\\Roaming\\Ganache\\ui\\workspaces\\vulgar-island\\chaindata","mnemonic":"clip sense agree labor nasty ball message equal card harbor omit rail","logDirectory":"C:\\Users\\TANISHKA\\Desktop\\chennai\\logs"}
[2024/12/16 15:49:22.273] - eth_subscribe
[2024/12/16 15:49:22.274] - eth_getLogs
[2024/12/16 15:49:22.275] - eth_subscribe
[2024/12/16 15:49:22.275] - eth_subscribe
[2024/12/16 15:49:22.276] - eth_getLogs
[2024/12/16 15:49:22.276] - eth_subscribe
[2024/12/16 15:49:22.277] - eth_blockNumber
[2024/12/16 15:49:22.277] - eth_accounts
[2024/12/16 15:49:22.278] - eth_gasPrice
[2024/12/16 15:49:22.278] - eth_getBlockByNumber
[2024/12/16 15:49:22.278] - eth_subscribe
[2024/12/16 15:49:22.279] - eth_blockNumber
[2024/12/16 15:49:22.279] - eth_accounts
[2024/12/16 15:49:22.280] - eth_gasPrice
[2024/12/16 15:49:22.289] - eth_getBalance
[2024/12/16 15:49:22.290] - eth_getTransactionCount
[2024/12/16 15:49:22.292] - eth_getBalance
[2024/12/16 15:49:22.293] - eth_getTransactionCount
[2024/12/16 15:49:22.294] - eth_getBalance
[2024/12/16 15:49:22.295] - eth_getTransactionCount
[2024/12/16 15:49:22.296] - eth_getBalance
[2024/12/16 15:49:22.297] - eth_getTransactionCount
[2024/12/16 15:49:22.299] - eth_getBalance
[2024/12/16 15:49:22.300] - eth_getTransactionCount
[2024/12/16 15:49:22.300] - eth_getBalance
[2024/12/16 15:49:22.302] - eth_getTransactionCount
[2024/12/16 15:49:22.303] - eth_getBalance
[2024/12/16 15:49:22.305] - eth_getTransactionCount
[2024/12/16 15:49:22.307] - eth_getBalance
[2024/12/16 15:49:22.308] - eth_getTransactionCount
[2024/12/16 15:49:22.309] - eth_getBalance
[2024/12/16 15:49:22.310] - eth_getTransactionCount
[2024/12/16 15:49:22.311] - eth_getBalance
[2024/12/16 15:49:22.312] - eth_getTransactionCount
[2024/12/16 15:49:22.313] - eth_getBalance
[2024/12/16 15:49:22.314] - eth_getTransactionCount
[2024/12/16 15:49:22.315] - eth_getBalance
[2024/12/16 15:49:22.316] - eth_getTransactionCount
[2024/12/16 15:49:22.316] - eth_getBalance
[2024/12/16 15:49:22.317] - eth_getTransactionCount
[2024/12/16 15:49:22.318] - eth_getBalance
[2024/12/16 15:49:22.319] - eth_getTransactionCount
[2024/12/16 15:49:22.320] - eth_getBalance
[2024/12/16 15:49:22.321] - eth_getTransactionCount
[2024/12/16 15:49:22.322] - eth_getBalance
[2024/12/16 15:49:22.323] - eth_getTransactionCount
[2024/12/16 15:49:22.324] - eth_getBalance
[2024/12/16 15:49:22.325] - eth_getTransactionCount
[2024/12/16 15:49:22.326] - eth_getBalance
[2024/12/16 15:49:22.327] - eth_getTransactionCount
[2024/12/16 15:49:22.328] - eth_getBalance
[2024/12/16 15:49:22.329] - eth_getTransactionCount
[2024/12/16 15:49:22.330] - eth_getBalance
[2024/12/16 15:49:22.331] - eth_getTransactionCount
[2024/12/16 15:49:22.350] - eth_getBalance
[2024/12/16 15:49:22.351] - eth_getTransactionCount
[2024/12/16 15:49:22.352] - eth_getBalance
[2024/12/16 15:49:22.353] - eth_getTransactionCount
[2024/12/16 15:49:22.355] - eth_getBalance
[2024/12/16 15:49:22.356] - eth_getTransactionCount
[2024/12/16 15:49:22.357] - eth_getBalance
[2024/12/16 15:49:22.358] - eth_getTransactionCount
[2024/12/16 15:49:22.358] - eth_getBalance
[2024/12/16 15:49:22.359] - eth_getTransactionCount
[2024/12/16 15:49:22.361] - eth_getBalance
[2024/12/16 15:49:22.361] - eth_getTransactionCount
[2024/12/16 15:49:22.362] - eth_getBalance
[2024/12/16 15:49:22.363] - eth_getTransactionCount
[2024/12/16 15:49:22.364] - eth_getBalance
[2024/12/16 15:49:22.364] - eth_getTransactionCount
[2024/12/16 15:49:22.365] - eth_getBalance
[2024/12/16 15:49:22.366] - eth_getTransactionCount
[2024/12/16 15:49:22.367] - eth_getBalance
[2024/12/16 15:49:22.371] - eth_getTransactionCount
[2024/12/16 15:49:22.372] - eth_getBalance
[2024/12/16 15:49:22.373] - eth_getTransactionCount
[2024/12/16 15:49:22.374] - eth_getBalance
[2024/12/16 15:49:22.376] - eth_getTransactionCount
[2024/12/16 15:49:22.377] - eth_getBalance
[2024/12/16 15:49:22.378] - eth_getTransactionCount
[2024/12/16 15:49:22.379] - eth_getBalance
[2024/12/16 15:49:22.381] - eth_getTransactionCount
[2024/12/16 15:49:22.382] - eth_getBalance
[2024/12/16 15:49:22.383] - eth_getTransactionCount
[2024/12/16 15:49:22.384] - eth_getBalance
[2024/12/16 15:49:22.385] - eth_getTransactionCount
[2024/12/16 15:49:22.385] - eth_getBalance
[2024/12/16 15:49:22.386] - eth_getTransactionCount
[2024/12/16 15:49:22.387] - eth_getBalance
[2024/12/16 15:49:22.388] - eth_getTransactionCount
[2024/12/16 15:49:22.389] - eth_getBalance
[2024/12/16 15:49:22.389] - eth_getTransactionCount
[2024/12/16 15:49:22.390] - eth_getBalance
[2024/12/16 15:49:22.391] - eth_getTransactionCount
[2024/12/16 15:49:22.395] - eth_getBlockByNumber
[2024/12/16 15:49:22.396] - eth_subscribe
[2024/12/16 15:49:25.226] - eth_getBlockByNumber
[2024/12/16 15:49:25.232] - eth_getBlockTransactionCountByHash
[2024/12/16 15:49:27.341] - eth_getBlockByNumber
[2024/12/16 15:49:29.727] - eth_getLogs
[2024/12/16 15:51:05.004] - eth_unsubscribe
[2024/12/16 15:51:05.005] - eth_unsubscribe
