[2024/12/16 16:00:36.922] - Starting server with initial configuration: {"gasLimit":6721975,"gasPrice":20000000000,"hardfork":"merge","hostname":"127.0.0.1","port":7545,"network_id":1400,"default_balance_ether":100,"total_accounts":10,"unlocked_accounts":[],"locked":false,"vmErrorsOnRPCResponse":true,"verbose":false,"flavor":"ethereum","db_path":"C:\\Users\\TANISHKA\\AppData\\Roaming\\Ganache\\ui\\workspaces\\audio_chennai\\chaindata","mnemonic":"clip sense agree labor nasty ball message equal card harbor omit rail","logDirectory":"C:\\Users\\TANISHKA\\Desktop\\chennai\\logs"}
[2024/12/16 16:00:37.001] - eth_getBlockByNumber
[2024/12/16 16:00:37.001] - eth_subscribe
[2024/12/16 16:00:37.002] - eth_subscribe
[2024/12/16 16:00:37.002] - eth_getLogs
[2024/12/16 16:00:37.003] - eth_subscribe
[2024/12/16 16:00:37.004] - eth_subscribe
[2024/12/16 16:00:37.004] - eth_getLogs
[2024/12/16 16:00:37.005] - eth_subscribe
[2024/12/16 16:00:37.009] - eth_blockNumber
[2024/12/16 16:00:37.010] - eth_accounts
[2024/12/16 16:00:37.010] - eth_gasPrice
[2024/12/16 16:00:37.010] - eth_getBlockByNumber
[2024/12/16 16:00:37.011] - eth_subscribe
[2024/12/16 16:00:37.012] - eth_blockNumber
[2024/12/16 16:00:37.012] - eth_accounts
[2024/12/16 16:00:37.012] - eth_gasPrice
[2024/12/16 16:00:37.013] - eth_accounts
[2024/12/16 16:00:37.018] - eth_getBalance
[2024/12/16 16:00:37.019] - eth_getTransactionCount
[2024/12/16 16:00:37.020] - eth_getBalance
[2024/12/16 16:00:37.021] - eth_getTransactionCount
[2024/12/16 16:00:37.022] - eth_getBalance
[2024/12/16 16:00:37.023] - eth_getTransactionCount
[2024/12/16 16:00:37.024] - eth_getBalance
[2024/12/16 16:00:37.025] - eth_getTransactionCount
[2024/12/16 16:00:37.025] - eth_getBalance
[2024/12/16 16:00:37.026] - eth_getTransactionCount
[2024/12/16 16:00:37.027] - eth_getBalance
[2024/12/16 16:00:37.028] - eth_getTransactionCount
[2024/12/16 16:00:37.029] - eth_getBalance
[2024/12/16 16:00:37.030] - eth_getTransactionCount
[2024/12/16 16:00:37.031] - eth_getBalance
[2024/12/16 16:00:37.032] - eth_getTransactionCount
[2024/12/16 16:00:37.033] - eth_getBalance
[2024/12/16 16:00:37.033] - eth_getTransactionCount
[2024/12/16 16:00:37.034] - eth_getBalance
[2024/12/16 16:00:37.035] - eth_getTransactionCount
[2024/12/16 16:00:37.046] - eth_getBalance
[2024/12/16 16:00:37.047] - eth_getTransactionCount
[2024/12/16 16:00:37.048] - eth_getBalance
[2024/12/16 16:00:37.049] - eth_getTransactionCount
[2024/12/16 16:00:37.050] - eth_getBalance
[2024/12/16 16:00:37.051] - eth_getTransactionCount
[2024/12/16 16:00:37.052] - eth_getBalance
[2024/12/16 16:00:37.053] - eth_getTransactionCount
[2024/12/16 16:00:37.054] - eth_getBalance
[2024/12/16 16:00:37.054] - eth_getTransactionCount
[2024/12/16 16:00:37.056] - eth_getBalance
[2024/12/16 16:00:37.058] - eth_getTransactionCount
[2024/12/16 16:00:37.059] - eth_getBalance
[2024/12/16 16:00:37.060] - eth_getTransactionCount
[2024/12/16 16:00:37.061] - eth_getBalance
[2024/12/16 16:00:37.063] - eth_getTransactionCount
[2024/12/16 16:00:37.064] - eth_getBalance
[2024/12/16 16:00:37.065] - eth_getTransactionCount
[2024/12/16 16:00:37.066] - eth_getBalance
[2024/12/16 16:00:37.067] - eth_getTransactionCount
[2024/12/16 16:00:37.069] - eth_getBalance
[2024/12/16 16:00:37.070] - eth_getTransactionCount
[2024/12/16 16:00:37.072] - eth_getBalance
[2024/12/16 16:00:37.073] - eth_getTransactionCount
[2024/12/16 16:00:37.074] - eth_getBalance
[2024/12/16 16:00:37.075] - eth_getTransactionCount
[2024/12/16 16:00:37.076] - eth_getBalance
[2024/12/16 16:00:37.077] - eth_getTransactionCount
[2024/12/16 16:00:37.078] - eth_getBalance
[2024/12/16 16:00:37.079] - eth_getTransactionCount
[2024/12/16 16:00:37.080] - eth_getBalance
[2024/12/16 16:00:37.080] - eth_getTransactionCount
[2024/12/16 16:00:37.081] - eth_getBalance
[2024/12/16 16:00:37.082] - eth_getTransactionCount
[2024/12/16 16:00:37.083] - eth_getBalance
[2024/12/16 16:00:37.084] - eth_getTransactionCount
[2024/12/16 16:00:37.084] - eth_getBalance
[2024/12/16 16:00:37.085] - eth_getTransactionCount
[2024/12/16 16:00:37.086] - eth_getBalance
[2024/12/16 16:00:37.087] - eth_getTransactionCount
[2024/12/16 16:00:37.104] - eth_getBalance
[2024/12/16 16:00:37.105] - eth_getTransactionCount
[2024/12/16 16:00:37.106] - eth_getBalance
[2024/12/16 16:00:37.107] - eth_getTransactionCount
[2024/12/16 16:00:37.108] - eth_getBalance
[2024/12/16 16:00:37.109] - eth_getTransactionCount
[2024/12/16 16:00:37.109] - eth_getBalance
[2024/12/16 16:00:37.110] - eth_getTransactionCount
[2024/12/16 16:00:37.111] - eth_getBalance
[2024/12/16 16:00:37.112] - eth_getTransactionCount
[2024/12/16 16:00:37.112] - eth_getBalance
[2024/12/16 16:00:37.113] - eth_getTransactionCount
[2024/12/16 16:00:37.114] - eth_getBalance
[2024/12/16 16:00:37.114] - eth_getTransactionCount
[2024/12/16 16:00:37.116] - eth_getBalance
[2024/12/16 16:00:37.116] - eth_getTransactionCount
[2024/12/16 16:00:37.117] - eth_getBalance
[2024/12/16 16:00:37.118] - eth_getTransactionCount
[2024/12/16 16:00:59.095] - eth_chainId
[2024/12/16 16:01:02.934] - eth_blockNumber
[2024/12/16 16:01:02.941] - eth_getBalance
[2024/12/16 16:01:02.942] - eth_getBalance
[2024/12/16 16:01:02.945] - eth_getBalance
[2024/12/16 16:01:02.946] - eth_getBalance
[2024/12/16 16:01:02.946] - eth_getBalance
[2024/12/16 16:01:02.947] - eth_getBalance
[2024/12/16 16:01:02.947] - eth_getBalance
[2024/12/16 16:01:02.948] - eth_getBalance
[2024/12/16 16:01:02.950] - eth_getBalance
[2024/12/16 16:01:02.950] - eth_getBalance
[2024/12/16 16:01:02.951] - eth_getBalance
[2024/12/16 16:01:02.951] - eth_getBalance
[2024/12/16 16:01:02.952] - eth_getBalance
[2024/12/16 16:01:02.953] - eth_getBalance
[2024/12/16 16:01:02.954] - eth_getBlockByNumber
[2024/12/16 16:01:03.170] - net_version
[2024/12/16 16:01:03.171] - net_version
[2024/12/16 16:01:03.171] - net_version
[2024/12/16 16:01:03.172] - net_version
[2024/12/16 16:01:03.173] - net_version
[2024/12/16 16:01:03.175] - net_version
[2024/12/16 16:01:03.176] - net_version
[2024/12/16 16:01:03.177] - net_version
[2024/12/16 16:01:03.178] - net_version
[2024/12/16 16:01:03.179] - net_version
[2024/12/16 16:01:03.180] - net_version
[2024/12/16 16:01:03.181] - net_version
[2024/12/16 16:01:03.181] - net_version
[2024/12/16 16:01:03.182] - net_version
[2024/12/16 16:01:03.183] - net_version
[2024/12/16 16:01:03.184] - net_version
[2024/12/16 16:01:03.184] - net_version
[2024/12/16 16:01:03.185] - net_version
[2024/12/16 16:01:03.186] - net_version
[2024/12/16 16:01:03.187] - net_version
[2024/12/16 16:01:03.188] - net_version
[2024/12/16 16:01:03.188] - net_version
[2024/12/16 16:01:03.201] - eth_blockNumber
[2024/12/16 16:01:04.053] - eth_gasPrice
[2024/12/16 16:01:23.211] - eth_blockNumber
[2024/12/16 16:01:43.226] - eth_blockNumber
[2024/12/16 16:02:03.233] - eth_blockNumber
[2024/12/16 16:02:23.255] - eth_blockNumber
[2024/12/16 16:02:43.267] - eth_blockNumber
[2024/12/16 16:03:03.274] - eth_blockNumber
[2024/12/16 16:03:23.289] - eth_blockNumber
[2024/12/16 16:03:28.224] - eth_getBalance
[2024/12/16 16:03:28.225] - eth_getBalance
[2024/12/16 16:03:43.295] - eth_blockNumber
[2024/12/16 16:03:50.383] - eth_unsubscribe
[2024/12/16 16:03:50.384] - eth_unsubscribe
