[2024/12/16 17:51:47.168] - Starting server with initial configuration: {"gasLimit":6721975,"gasPrice":20000000000,"hardfork":"merge","hostname":"127.0.0.1","port":7545,"network_id":1400,"default_balance_ether":100,"total_accounts":10,"unlocked_accounts":[],"locked":false,"vmErrorsOnRPCResponse":true,"verbose":false,"flavor":"ethereum","db_path":"C:\\Users\\TANISHKA\\AppData\\Roaming\\Ganache\\ui\\workspaces\\audio_chennai\\chaindata","mnemonic":"clip sense agree labor nasty ball message equal card harbor omit rail","logDirectory":"C:\\Users\\TANISHKA\\Desktop\\chennai\\logs"}
[2024/12/16 17:51:47.237] - eth_subscribe
[2024/12/16 17:51:47.238] - eth_getLogs
[2024/12/16 17:51:47.239] - eth_subscribe
[2024/12/16 17:51:47.248] - eth_subscribe
[2024/12/16 17:51:47.249] - eth_getLogs
[2024/12/16 17:51:47.250] - eth_subscribe
[2024/12/16 17:51:47.275] - eth_blockNumber
[2024/12/16 17:51:47.275] - eth_accounts
[2024/12/16 17:51:47.276] - eth_gasPrice
[2024/12/16 17:51:47.276] - eth_getBlockByNumber
[2024/12/16 17:51:47.282] - eth_accounts
[2024/12/16 17:51:47.292] - eth_getBalance
[2024/12/16 17:51:47.293] - eth_getTransactionCount
[2024/12/16 17:51:47.295] - eth_getBalance
[2024/12/16 17:51:47.297] - eth_getTransactionCount
[2024/12/16 17:51:47.298] - eth_getBalance
[2024/12/16 17:51:47.300] - eth_getTransactionCount
[2024/12/16 17:51:47.303] - eth_getBalance
[2024/12/16 17:51:47.305] - eth_getTransactionCount
[2024/12/16 17:51:47.307] - eth_getBalance
[2024/12/16 17:51:47.308] - eth_getTransactionCount
[2024/12/16 17:51:47.310] - eth_getBalance
[2024/12/16 17:51:47.312] - eth_getTransactionCount
[2024/12/16 17:51:47.315] - eth_getBalance
[2024/12/16 17:51:47.317] - eth_getTransactionCount
[2024/12/16 17:51:47.319] - eth_getBalance
[2024/12/16 17:51:47.321] - eth_getTransactionCount
[2024/12/16 17:51:47.323] - eth_getBalance
[2024/12/16 17:51:47.325] - eth_getTransactionCount
[2024/12/16 17:51:47.326] - eth_getBalance
[2024/12/16 17:51:47.328] - eth_getTransactionCount
[2024/12/16 17:51:47.330] - eth_subscribe
[2024/12/16 17:51:47.331] - eth_blockNumber
[2024/12/16 17:51:47.331] - eth_accounts
[2024/12/16 17:51:47.332] - eth_gasPrice
[2024/12/16 17:51:47.332] - eth_getBlockByNumber
[2024/12/16 17:51:47.332] - eth_subscribe
[2024/12/16 17:51:47.343] - eth_getTransactionCount
[2024/12/16 17:51:47.345] - eth_getBalance
[2024/12/16 17:51:47.347] - eth_getTransactionCount
[2024/12/16 17:51:47.348] - eth_getBalance
[2024/12/16 17:51:47.350] - eth_getTransactionCount
[2024/12/16 17:51:47.352] - eth_getBalance
[2024/12/16 17:51:47.354] - eth_getTransactionCount
[2024/12/16 17:51:47.356] - eth_getBalance
[2024/12/16 17:51:47.358] - eth_getTransactionCount
[2024/12/16 17:51:47.360] - eth_getBalance
[2024/12/16 17:51:47.362] - eth_getTransactionCount
[2024/12/16 17:51:47.364] - eth_getBalance
[2024/12/16 17:51:47.365] - eth_getTransactionCount
[2024/12/16 17:51:47.367] - eth_getBalance
[2024/12/16 17:51:47.369] - eth_getTransactionCount
[2024/12/16 17:51:47.371] - eth_getBalance
[2024/12/16 17:51:47.372] - eth_getTransactionCount
[2024/12/16 17:51:47.374] - eth_getBalance
[2024/12/16 17:51:47.375] - eth_getTransactionCount
[2024/12/16 17:51:47.483] - eth_getBalance
[2024/12/16 17:51:47.485] - eth_getTransactionCount
[2024/12/16 17:51:47.487] - eth_getBalance
[2024/12/16 17:51:47.489] - eth_getTransactionCount
[2024/12/16 17:51:47.491] - eth_getBalance
[2024/12/16 17:51:47.494] - eth_getTransactionCount
[2024/12/16 17:51:47.496] - eth_getBalance
[2024/12/16 17:51:47.499] - eth_getTransactionCount
[2024/12/16 17:51:47.501] - eth_getBalance
[2024/12/16 17:51:47.503] - eth_getTransactionCount
[2024/12/16 17:51:47.505] - eth_getBalance
[2024/12/16 17:51:47.507] - eth_getTransactionCount
[2024/12/16 17:51:47.510] - eth_getBalance
[2024/12/16 17:51:47.511] - eth_getTransactionCount
[2024/12/16 17:51:47.513] - eth_getBalance
[2024/12/16 17:51:47.515] - eth_getTransactionCount
[2024/12/16 17:51:47.516] - eth_getBalance
[2024/12/16 17:51:47.518] - eth_getTransactionCount
[2024/12/16 17:51:47.519] - eth_getBalance
[2024/12/16 17:51:47.521] - eth_getTransactionCount
[2024/12/16 17:51:47.523] - eth_getBalance
[2024/12/16 17:51:47.525] - eth_getTransactionCount
[2024/12/16 17:51:47.527] - eth_getBalance
[2024/12/16 17:51:47.529] - eth_getTransactionCount
[2024/12/16 17:51:47.531] - eth_getBalance
[2024/12/16 17:51:47.534] - eth_getTransactionCount
[2024/12/16 17:51:47.536] - eth_getBalance
[2024/12/16 17:51:47.538] - eth_getTransactionCount
[2024/12/16 17:51:47.539] - eth_getBalance
[2024/12/16 17:51:47.541] - eth_getTransactionCount
[2024/12/16 17:51:47.543] - eth_getBalance
[2024/12/16 17:51:47.545] - eth_getTransactionCount
[2024/12/16 17:51:47.546] - eth_getBalance
[2024/12/16 17:51:47.548] - eth_getTransactionCount
[2024/12/16 17:51:47.550] - eth_getBalance
[2024/12/16 17:51:47.551] - eth_getTransactionCount
[2024/12/16 17:51:47.553] - eth_getBalance
[2024/12/16 17:51:47.555] - eth_getTransactionCount
[2024/12/16 17:51:47.556] - eth_getBalance
[2024/12/16 17:51:47.559] - eth_getTransactionCount
[2024/12/16 17:51:57.421] - eth_blockNumber
[2024/12/16 17:51:57.431] - net_version
[2024/12/16 17:51:57.435] - eth_accounts
[2024/12/16 17:54:12.762] - eth_unsubscribe
[2024/12/16 17:54:12.763] - eth_unsubscribe
